2023-08-10T05:58:11+00:00 CRITICAL Uncaught Exception: Invalid data: {"data":["Array","Array","Array","Array"],"element":"Array"} in D:\Programms\OSPanel\domains\wordpress\wp-content\plugins\elementor\core\base\document.php:962
Stack trace:
#0 D:\Programms\OSPanel\domains\wordpress\wp-content\plugins\astra-sites\inc\importers\batch-processing\class-astra-sites-batch-processing-elementor.php(122): Elementor\Core\Base\Document->get_elements_raw_data()
#1 D:\Programms\OSPanel\domains\wordpress\wp-content\plugins\astra-sites\inc\importers\batch-processing\class-astra-sites-batch-processing-elementor.php(66): Elementor\TemplateLibrary\Astra_Sites_Batch_Processing_Elementor->import_single_post()
#2 D:\Programms\OSPanel\domains\wordpress\wp-content\plugins\astra-sites\inc\importers\batch-processing\helpers\class-wp-background-process-astra.php(41): Elementor\TemplateLibrary\Astra_Sites_Batch_Processing_Elementor->import()
#3 D:\Programms\OSPanel\domains\wordpress\wp-content\plugins\woocommerce\includes\libraries\wp-background-process.php(301): WP_Background_Process_Astra->task()
#4 D:\Programms\OSPanel\domains\wordpress\wp-content\plugins\woocommerce\includes\libraries\wp-background-process.php(447): WP_Background_Process->handle()
#5 D:\Programms\OSPanel\domains\wordpress\wp-includes\class-wp-hook.php(308): WP_Background_Process->handle_cron_healthcheck()
#6 D:\Programms\OSPanel\domains\wordpress\wp-includes\class-wp-hook.php(332): WP_Hook->apply_filters()
#7 D:\Programms\OSPanel\domains\wordpress\wp-includes\plugin.php(565): WP_Hook->do_action()
#8 D:\Programms\OSPanel\domains\wordpress\wp-cron.php(188): do_action_ref_array()
#9 {main}
  thrown in D:\Programms\OSPanel\domains\wordpress\wp-content\plugins\elementor\core\base\document.php on line 962

2023-08-10T06:02:57+00:00 CRITICAL Uncaught Exception: Invalid data: {"data":["Array","Array","Array","Array"],"element":"Array"} in D:\Programms\OSPanel\domains\wordpress\wp-content\plugins\elementor\core\base\document.php:962
Stack trace:
#0 D:\Programms\OSPanel\domains\wordpress\wp-content\plugins\astra-sites\inc\importers\batch-processing\class-astra-sites-batch-processing-elementor.php(122): Elementor\Core\Base\Document->get_elements_raw_data()
#1 D:\Programms\OSPanel\domains\wordpress\wp-content\plugins\astra-sites\inc\importers\batch-processing\class-astra-sites-batch-processing-elementor.php(66): Elementor\TemplateLibrary\Astra_Sites_Batch_Processing_Elementor->import_single_post()
#2 D:\Programms\OSPanel\domains\wordpress\wp-content\plugins\astra-sites\inc\importers\batch-processing\helpers\class-wp-background-process-astra.php(41): Elementor\TemplateLibrary\Astra_Sites_Batch_Processing_Elementor->import()
#3 D:\Programms\OSPanel\domains\wordpress\wp-content\plugins\woocommerce\includes\libraries\wp-background-process.php(301): WP_Background_Process_Astra->task()
#4 D:\Programms\OSPanel\domains\wordpress\wp-content\plugins\woocommerce\includes\libraries\wp-background-process.php(447): WP_Background_Process->handle()
#5 D:\Programms\OSPanel\domains\wordpress\wp-includes\class-wp-hook.php(308): WP_Background_Process->handle_cron_healthcheck()
#6 D:\Programms\OSPanel\domains\wordpress\wp-includes\class-wp-hook.php(332): WP_Hook->apply_filters()
#7 D:\Programms\OSPanel\domains\wordpress\wp-includes\plugin.php(565): WP_Hook->do_action()
#8 D:\Programms\OSPanel\domains\wordpress\wp-cron.php(188): do_action_ref_array()
#9 {main}
  thrown in D:\Programms\OSPanel\domains\wordpress\wp-content\plugins\elementor\core\base\document.php on line 962

2023-08-10T06:07:57+00:00 CRITICAL Uncaught Exception: Invalid data: {"data":["Array","Array","Array","Array"],"element":"Array"} in D:\Programms\OSPanel\domains\wordpress\wp-content\plugins\elementor\core\base\document.php:962
Stack trace:
#0 D:\Programms\OSPanel\domains\wordpress\wp-content\plugins\astra-sites\inc\importers\batch-processing\class-astra-sites-batch-processing-elementor.php(122): Elementor\Core\Base\Document->get_elements_raw_data()
#1 D:\Programms\OSPanel\domains\wordpress\wp-content\plugins\astra-sites\inc\importers\batch-processing\class-astra-sites-batch-processing-elementor.php(66): Elementor\TemplateLibrary\Astra_Sites_Batch_Processing_Elementor->import_single_post()
#2 D:\Programms\OSPanel\domains\wordpress\wp-content\plugins\astra-sites\inc\importers\batch-processing\helpers\class-wp-background-process-astra.php(41): Elementor\TemplateLibrary\Astra_Sites_Batch_Processing_Elementor->import()
#3 D:\Programms\OSPanel\domains\wordpress\wp-content\plugins\woocommerce\includes\libraries\wp-background-process.php(301): WP_Background_Process_Astra->task()
#4 D:\Programms\OSPanel\domains\wordpress\wp-content\plugins\woocommerce\includes\libraries\wp-background-process.php(447): WP_Background_Process->handle()
#5 D:\Programms\OSPanel\domains\wordpress\wp-includes\class-wp-hook.php(310): WP_Background_Process->handle_cron_healthcheck()
#6 D:\Programms\OSPanel\domains\wordpress\wp-includes\class-wp-hook.php(334): WP_Hook->apply_filters()
#7 D:\Programms\OSPanel\domains\wordpress\wp-includes\plugin.php(565): WP_Hook->do_action()
#8 D:\Programms\OSPanel\domains\wordpress\wp-cron.php(191): do_action_ref_array()
#9 {main}
  thrown in D:\Programms\OSPanel\domains\wordpress\wp-content\plugins\elementor\core\base\document.php on line 962

2023-08-10T06:12:45+00:00 CRITICAL Uncaught Exception: Invalid data: {"data":["Array","Array","Array","Array"],"element":"Array"} in D:\Programms\OSPanel\domains\wordpress\wp-content\plugins\elementor\core\base\document.php:962
Stack trace:
#0 D:\Programms\OSPanel\domains\wordpress\wp-content\plugins\astra-sites\inc\importers\batch-processing\class-astra-sites-batch-processing-elementor.php(122): Elementor\Core\Base\Document->get_elements_raw_data()
#1 D:\Programms\OSPanel\domains\wordpress\wp-content\plugins\astra-sites\inc\importers\batch-processing\class-astra-sites-batch-processing-elementor.php(66): Elementor\TemplateLibrary\Astra_Sites_Batch_Processing_Elementor->import_single_post()
#2 D:\Programms\OSPanel\domains\wordpress\wp-content\plugins\astra-sites\inc\importers\batch-processing\helpers\class-wp-background-process-astra.php(41): Elementor\TemplateLibrary\Astra_Sites_Batch_Processing_Elementor->import()
#3 D:\Programms\OSPanel\domains\wordpress\wp-content\plugins\woocommerce\includes\libraries\wp-background-process.php(301): WP_Background_Process_Astra->task()
#4 D:\Programms\OSPanel\domains\wordpress\wp-content\plugins\woocommerce\includes\libraries\wp-background-process.php(447): WP_Background_Process->handle()
#5 D:\Programms\OSPanel\domains\wordpress\wp-includes\class-wp-hook.php(310): WP_Background_Process->handle_cron_healthcheck()
#6 D:\Programms\OSPanel\domains\wordpress\wp-includes\class-wp-hook.php(334): WP_Hook->apply_filters()
#7 D:\Programms\OSPanel\domains\wordpress\wp-includes\plugin.php(565): WP_Hook->do_action()
#8 D:\Programms\OSPanel\domains\wordpress\wp-cron.php(191): do_action_ref_array()
#9 {main}
  thrown in D:\Programms\OSPanel\domains\wordpress\wp-content\plugins\elementor\core\base\document.php on line 962

2023-08-10T06:18:12+00:00 CRITICAL Uncaught Exception: Invalid data: {"data":["Array","Array","Array","Array"],"element":"Array"} in D:\Programms\OSPanel\domains\wordpress\wp-content\plugins\elementor\core\base\document.php:962
Stack trace:
#0 D:\Programms\OSPanel\domains\wordpress\wp-content\plugins\astra-sites\inc\importers\batch-processing\class-astra-sites-batch-processing-elementor.php(122): Elementor\Core\Base\Document->get_elements_raw_data()
#1 D:\Programms\OSPanel\domains\wordpress\wp-content\plugins\astra-sites\inc\importers\batch-processing\class-astra-sites-batch-processing-elementor.php(66): Elementor\TemplateLibrary\Astra_Sites_Batch_Processing_Elementor->import_single_post()
#2 D:\Programms\OSPanel\domains\wordpress\wp-content\plugins\astra-sites\inc\importers\batch-processing\helpers\class-wp-background-process-astra.php(41): Elementor\TemplateLibrary\Astra_Sites_Batch_Processing_Elementor->import()
#3 D:\Programms\OSPanel\domains\wordpress\wp-content\plugins\woocommerce\includes\libraries\wp-background-process.php(301): WP_Background_Process_Astra->task()
#4 D:\Programms\OSPanel\domains\wordpress\wp-content\plugins\woocommerce\includes\libraries\wp-background-process.php(447): WP_Background_Process->handle()
#5 D:\Programms\OSPanel\domains\wordpress\wp-includes\class-wp-hook.php(310): WP_Background_Process->handle_cron_healthcheck()
#6 D:\Programms\OSPanel\domains\wordpress\wp-includes\class-wp-hook.php(334): WP_Hook->apply_filters()
#7 D:\Programms\OSPanel\domains\wordpress\wp-includes\plugin.php(565): WP_Hook->do_action()
#8 D:\Programms\OSPanel\domains\wordpress\wp-cron.php(191): do_action_ref_array()
#9 {main}
  thrown in D:\Programms\OSPanel\domains\wordpress\wp-content\plugins\elementor\core\base\document.php on line 962

2023-08-10T06:24:13+00:00 CRITICAL Uncaught Exception: Invalid data: {"data":["Array","Array","Array","Array"],"element":"Array"} in D:\Programms\OSPanel\domains\wordpress\wp-content\plugins\elementor\core\base\document.php:962
Stack trace:
#0 D:\Programms\OSPanel\domains\wordpress\wp-content\plugins\astra-sites\inc\importers\batch-processing\class-astra-sites-batch-processing-elementor.php(122): Elementor\Core\Base\Document->get_elements_raw_data()
#1 D:\Programms\OSPanel\domains\wordpress\wp-content\plugins\astra-sites\inc\importers\batch-processing\class-astra-sites-batch-processing-elementor.php(66): Elementor\TemplateLibrary\Astra_Sites_Batch_Processing_Elementor->import_single_post()
#2 D:\Programms\OSPanel\domains\wordpress\wp-content\plugins\astra-sites\inc\importers\batch-processing\helpers\class-wp-background-process-astra.php(41): Elementor\TemplateLibrary\Astra_Sites_Batch_Processing_Elementor->import()
#3 D:\Programms\OSPanel\domains\wordpress\wp-content\plugins\woocommerce\includes\libraries\wp-background-process.php(301): WP_Background_Process_Astra->task()
#4 D:\Programms\OSPanel\domains\wordpress\wp-content\plugins\woocommerce\includes\libraries\wp-background-process.php(447): WP_Background_Process->handle()
#5 D:\Programms\OSPanel\domains\wordpress\wp-includes\class-wp-hook.php(310): WP_Background_Process->handle_cron_healthcheck()
#6 D:\Programms\OSPanel\domains\wordpress\wp-includes\class-wp-hook.php(334): WP_Hook->apply_filters()
#7 D:\Programms\OSPanel\domains\wordpress\wp-includes\plugin.php(565): WP_Hook->do_action()
#8 D:\Programms\OSPanel\domains\wordpress\wp-cron.php(191): do_action_ref_array()
#9 {main}
  thrown in D:\Programms\OSPanel\domains\wordpress\wp-content\plugins\elementor\core\base\document.php on line 962

2023-08-10T06:28:15+00:00 CRITICAL Uncaught Exception: Invalid data: {"data":["Array","Array","Array","Array"],"element":"Array"} in D:\Programms\OSPanel\domains\wordpress\wp-content\plugins\elementor\core\base\document.php:962
Stack trace:
#0 D:\Programms\OSPanel\domains\wordpress\wp-content\plugins\astra-sites\inc\importers\batch-processing\class-astra-sites-batch-processing-elementor.php(122): Elementor\Core\Base\Document->get_elements_raw_data()
#1 D:\Programms\OSPanel\domains\wordpress\wp-content\plugins\astra-sites\inc\importers\batch-processing\class-astra-sites-batch-processing-elementor.php(66): Elementor\TemplateLibrary\Astra_Sites_Batch_Processing_Elementor->import_single_post()
#2 D:\Programms\OSPanel\domains\wordpress\wp-content\plugins\astra-sites\inc\importers\batch-processing\helpers\class-wp-background-process-astra.php(41): Elementor\TemplateLibrary\Astra_Sites_Batch_Processing_Elementor->import()
#3 D:\Programms\OSPanel\domains\wordpress\wp-content\plugins\woocommerce\includes\libraries\wp-background-process.php(301): WP_Background_Process_Astra->task()
#4 D:\Programms\OSPanel\domains\wordpress\wp-content\plugins\woocommerce\includes\libraries\wp-background-process.php(447): WP_Background_Process->handle()
#5 D:\Programms\OSPanel\domains\wordpress\wp-includes\class-wp-hook.php(310): WP_Background_Process->handle_cron_healthcheck()
#6 D:\Programms\OSPanel\domains\wordpress\wp-includes\class-wp-hook.php(334): WP_Hook->apply_filters()
#7 D:\Programms\OSPanel\domains\wordpress\wp-includes\plugin.php(565): WP_Hook->do_action()
#8 D:\Programms\OSPanel\domains\wordpress\wp-cron.php(191): do_action_ref_array()
#9 {main}
  thrown in D:\Programms\OSPanel\domains\wordpress\wp-content\plugins\elementor\core\base\document.php on line 962

2023-08-10T06:49:08+00:00 CRITICAL Uncaught Exception: Invalid data: {"data":["Array","Array","Array","Array"],"element":"Array"} in D:\Programms\OSPanel\domains\wordpress\wp-content\plugins\elementor\core\base\document.php:962
Stack trace:
#0 D:\Programms\OSPanel\domains\wordpress\wp-content\plugins\astra-sites\inc\importers\batch-processing\class-astra-sites-batch-processing-elementor.php(122): Elementor\Core\Base\Document->get_elements_raw_data()
#1 D:\Programms\OSPanel\domains\wordpress\wp-content\plugins\astra-sites\inc\importers\batch-processing\class-astra-sites-batch-processing-elementor.php(66): Elementor\TemplateLibrary\Astra_Sites_Batch_Processing_Elementor->import_single_post()
#2 D:\Programms\OSPanel\domains\wordpress\wp-content\plugins\astra-sites\inc\importers\batch-processing\helpers\class-wp-background-process-astra.php(41): Elementor\TemplateLibrary\Astra_Sites_Batch_Processing_Elementor->import()
#3 D:\Programms\OSPanel\domains\wordpress\wp-content\plugins\woocommerce\includes\libraries\wp-background-process.php(301): WP_Background_Process_Astra->task()
#4 D:\Programms\OSPanel\domains\wordpress\wp-content\plugins\woocommerce\includes\libraries\wp-background-process.php(447): WP_Background_Process->handle()
#5 D:\Programms\OSPanel\domains\wordpress\wp-includes\class-wp-hook.php(310): WP_Background_Process->handle_cron_healthcheck()
#6 D:\Programms\OSPanel\domains\wordpress\wp-includes\class-wp-hook.php(334): WP_Hook->apply_filters()
#7 D:\Programms\OSPanel\domains\wordpress\wp-includes\plugin.php(565): WP_Hook->do_action()
#8 D:\Programms\OSPanel\domains\wordpress\wp-cron.php(191): do_action_ref_array()
#9 {main}
  thrown in D:\Programms\OSPanel\domains\wordpress\wp-content\plugins\elementor\core\base\document.php on line 962

2023-08-10T06:52:47+00:00 CRITICAL Uncaught Exception: Invalid data: {"data":["Array","Array","Array","Array"],"element":"Array"} in D:\Programms\OSPanel\domains\wordpress\wp-content\plugins\elementor\core\base\document.php:962
Stack trace:
#0 D:\Programms\OSPanel\domains\wordpress\wp-content\plugins\astra-sites\inc\importers\batch-processing\class-astra-sites-batch-processing-elementor.php(122): Elementor\Core\Base\Document->get_elements_raw_data()
#1 D:\Programms\OSPanel\domains\wordpress\wp-content\plugins\astra-sites\inc\importers\batch-processing\class-astra-sites-batch-processing-elementor.php(66): Elementor\TemplateLibrary\Astra_Sites_Batch_Processing_Elementor->import_single_post()
#2 D:\Programms\OSPanel\domains\wordpress\wp-content\plugins\astra-sites\inc\importers\batch-processing\helpers\class-wp-background-process-astra.php(41): Elementor\TemplateLibrary\Astra_Sites_Batch_Processing_Elementor->import()
#3 D:\Programms\OSPanel\domains\wordpress\wp-content\plugins\woocommerce\includes\libraries\wp-background-process.php(301): WP_Background_Process_Astra->task()
#4 D:\Programms\OSPanel\domains\wordpress\wp-content\plugins\woocommerce\includes\libraries\wp-background-process.php(447): WP_Background_Process->handle()
#5 D:\Programms\OSPanel\domains\wordpress\wp-includes\class-wp-hook.php(310): WP_Background_Process->handle_cron_healthcheck()
#6 D:\Programms\OSPanel\domains\wordpress\wp-includes\class-wp-hook.php(334): WP_Hook->apply_filters()
#7 D:\Programms\OSPanel\domains\wordpress\wp-includes\plugin.php(565): WP_Hook->do_action()
#8 D:\Programms\OSPanel\domains\wordpress\wp-cron.php(191): do_action_ref_array()
#9 {main}
  thrown in D:\Programms\OSPanel\domains\wordpress\wp-content\plugins\elementor\core\base\document.php on line 962

2023-08-10T06:57:48+00:00 CRITICAL Uncaught Exception: Invalid data: {"data":["Array","Array","Array","Array"],"element":"Array"} in D:\Programms\OSPanel\domains\wordpress\wp-content\plugins\elementor\core\base\document.php:962
Stack trace:
#0 D:\Programms\OSPanel\domains\wordpress\wp-content\plugins\astra-sites\inc\importers\batch-processing\class-astra-sites-batch-processing-elementor.php(122): Elementor\Core\Base\Document->get_elements_raw_data()
#1 D:\Programms\OSPanel\domains\wordpress\wp-content\plugins\astra-sites\inc\importers\batch-processing\class-astra-sites-batch-processing-elementor.php(66): Elementor\TemplateLibrary\Astra_Sites_Batch_Processing_Elementor->import_single_post()
#2 D:\Programms\OSPanel\domains\wordpress\wp-content\plugins\astra-sites\inc\importers\batch-processing\helpers\class-wp-background-process-astra.php(41): Elementor\TemplateLibrary\Astra_Sites_Batch_Processing_Elementor->import()
#3 D:\Programms\OSPanel\domains\wordpress\wp-content\plugins\woocommerce\includes\libraries\wp-background-process.php(301): WP_Background_Process_Astra->task()
#4 D:\Programms\OSPanel\domains\wordpress\wp-content\plugins\woocommerce\includes\libraries\wp-background-process.php(447): WP_Background_Process->handle()
#5 D:\Programms\OSPanel\domains\wordpress\wp-includes\class-wp-hook.php(310): WP_Background_Process->handle_cron_healthcheck()
#6 D:\Programms\OSPanel\domains\wordpress\wp-includes\class-wp-hook.php(334): WP_Hook->apply_filters()
#7 D:\Programms\OSPanel\domains\wordpress\wp-includes\plugin.php(565): WP_Hook->do_action()
#8 D:\Programms\OSPanel\domains\wordpress\wp-cron.php(191): do_action_ref_array()
#9 {main}
  thrown in D:\Programms\OSPanel\domains\wordpress\wp-content\plugins\elementor\core\base\document.php on line 962

2023-08-10T07:03:11+00:00 CRITICAL Uncaught Exception: Invalid data: {"data":["Array","Array","Array","Array"],"element":"Array"} in D:\Programms\OSPanel\domains\wordpress\wp-content\plugins\elementor\core\base\document.php:962
Stack trace:
#0 D:\Programms\OSPanel\domains\wordpress\wp-content\plugins\astra-sites\inc\importers\batch-processing\class-astra-sites-batch-processing-elementor.php(122): Elementor\Core\Base\Document->get_elements_raw_data()
#1 D:\Programms\OSPanel\domains\wordpress\wp-content\plugins\astra-sites\inc\importers\batch-processing\class-astra-sites-batch-processing-elementor.php(66): Elementor\TemplateLibrary\Astra_Sites_Batch_Processing_Elementor->import_single_post()
#2 D:\Programms\OSPanel\domains\wordpress\wp-content\plugins\astra-sites\inc\importers\batch-processing\helpers\class-wp-background-process-astra.php(41): Elementor\TemplateLibrary\Astra_Sites_Batch_Processing_Elementor->import()
#3 D:\Programms\OSPanel\domains\wordpress\wp-content\plugins\woocommerce\includes\libraries\wp-background-process.php(301): WP_Background_Process_Astra->task()
#4 D:\Programms\OSPanel\domains\wordpress\wp-content\plugins\woocommerce\includes\libraries\wp-background-process.php(447): WP_Background_Process->handle()
#5 D:\Programms\OSPanel\domains\wordpress\wp-includes\class-wp-hook.php(310): WP_Background_Process->handle_cron_healthcheck()
#6 D:\Programms\OSPanel\domains\wordpress\wp-includes\class-wp-hook.php(334): WP_Hook->apply_filters()
#7 D:\Programms\OSPanel\domains\wordpress\wp-includes\plugin.php(565): WP_Hook->do_action()
#8 D:\Programms\OSPanel\domains\wordpress\wp-cron.php(191): do_action_ref_array()
#9 {main}
  thrown in D:\Programms\OSPanel\domains\wordpress\wp-content\plugins\elementor\core\base\document.php on line 962

2023-08-10T07:09:14+00:00 CRITICAL Uncaught Exception: Invalid data: {"data":["Array","Array","Array","Array"],"element":"Array"} in D:\Programms\OSPanel\domains\wordpress\wp-content\plugins\elementor\core\base\document.php:962
Stack trace:
#0 D:\Programms\OSPanel\domains\wordpress\wp-content\plugins\astra-sites\inc\importers\batch-processing\class-astra-sites-batch-processing-elementor.php(122): Elementor\Core\Base\Document->get_elements_raw_data()
#1 D:\Programms\OSPanel\domains\wordpress\wp-content\plugins\astra-sites\inc\importers\batch-processing\class-astra-sites-batch-processing-elementor.php(66): Elementor\TemplateLibrary\Astra_Sites_Batch_Processing_Elementor->import_single_post()
#2 D:\Programms\OSPanel\domains\wordpress\wp-content\plugins\astra-sites\inc\importers\batch-processing\helpers\class-wp-background-process-astra.php(41): Elementor\TemplateLibrary\Astra_Sites_Batch_Processing_Elementor->import()
#3 D:\Programms\OSPanel\domains\wordpress\wp-content\plugins\woocommerce\includes\libraries\wp-background-process.php(301): WP_Background_Process_Astra->task()
#4 D:\Programms\OSPanel\domains\wordpress\wp-content\plugins\woocommerce\includes\libraries\wp-background-process.php(447): WP_Background_Process->handle()
#5 D:\Programms\OSPanel\domains\wordpress\wp-includes\class-wp-hook.php(310): WP_Background_Process->handle_cron_healthcheck()
#6 D:\Programms\OSPanel\domains\wordpress\wp-includes\class-wp-hook.php(334): WP_Hook->apply_filters()
#7 D:\Programms\OSPanel\domains\wordpress\wp-includes\plugin.php(565): WP_Hook->do_action()
#8 D:\Programms\OSPanel\domains\wordpress\wp-cron.php(191): do_action_ref_array()
#9 {main}
  thrown in D:\Programms\OSPanel\domains\wordpress\wp-content\plugins\elementor\core\base\document.php on line 962

2023-08-10T07:13:16+00:00 CRITICAL Uncaught Exception: Invalid data: {"data":["Array","Array","Array","Array"],"element":"Array"} in D:\Programms\OSPanel\domains\wordpress\wp-content\plugins\elementor\core\base\document.php:962
Stack trace:
#0 D:\Programms\OSPanel\domains\wordpress\wp-content\plugins\astra-sites\inc\importers\batch-processing\class-astra-sites-batch-processing-elementor.php(122): Elementor\Core\Base\Document->get_elements_raw_data()
#1 D:\Programms\OSPanel\domains\wordpress\wp-content\plugins\astra-sites\inc\importers\batch-processing\class-astra-sites-batch-processing-elementor.php(66): Elementor\TemplateLibrary\Astra_Sites_Batch_Processing_Elementor->import_single_post()
#2 D:\Programms\OSPanel\domains\wordpress\wp-content\plugins\astra-sites\inc\importers\batch-processing\helpers\class-wp-background-process-astra.php(41): Elementor\TemplateLibrary\Astra_Sites_Batch_Processing_Elementor->import()
#3 D:\Programms\OSPanel\domains\wordpress\wp-content\plugins\woocommerce\includes\libraries\wp-background-process.php(301): WP_Background_Process_Astra->task()
#4 D:\Programms\OSPanel\domains\wordpress\wp-content\plugins\woocommerce\includes\libraries\wp-background-process.php(447): WP_Background_Process->handle()
#5 D:\Programms\OSPanel\domains\wordpress\wp-includes\class-wp-hook.php(310): WP_Background_Process->handle_cron_healthcheck()
#6 D:\Programms\OSPanel\domains\wordpress\wp-includes\class-wp-hook.php(334): WP_Hook->apply_filters()
#7 D:\Programms\OSPanel\domains\wordpress\wp-includes\plugin.php(565): WP_Hook->do_action()
#8 D:\Programms\OSPanel\domains\wordpress\wp-cron.php(191): do_action_ref_array()
#9 {main}
  thrown in D:\Programms\OSPanel\domains\wordpress\wp-content\plugins\elementor\core\base\document.php on line 962

2023-08-10T07:19:19+00:00 CRITICAL Uncaught Exception: Invalid data: {"data":["Array","Array","Array","Array"],"element":"Array"} in D:\Programms\OSPanel\domains\wordpress\wp-content\plugins\elementor\core\base\document.php:962
Stack trace:
#0 D:\Programms\OSPanel\domains\wordpress\wp-content\plugins\astra-sites\inc\importers\batch-processing\class-astra-sites-batch-processing-elementor.php(122): Elementor\Core\Base\Document->get_elements_raw_data()
#1 D:\Programms\OSPanel\domains\wordpress\wp-content\plugins\astra-sites\inc\importers\batch-processing\class-astra-sites-batch-processing-elementor.php(66): Elementor\TemplateLibrary\Astra_Sites_Batch_Processing_Elementor->import_single_post()
#2 D:\Programms\OSPanel\domains\wordpress\wp-content\plugins\astra-sites\inc\importers\batch-processing\helpers\class-wp-background-process-astra.php(41): Elementor\TemplateLibrary\Astra_Sites_Batch_Processing_Elementor->import()
#3 D:\Programms\OSPanel\domains\wordpress\wp-content\plugins\woocommerce\includes\libraries\wp-background-process.php(301): WP_Background_Process_Astra->task()
#4 D:\Programms\OSPanel\domains\wordpress\wp-content\plugins\woocommerce\includes\libraries\wp-background-process.php(447): WP_Background_Process->handle()
#5 D:\Programms\OSPanel\domains\wordpress\wp-includes\class-wp-hook.php(310): WP_Background_Process->handle_cron_healthcheck()
#6 D:\Programms\OSPanel\domains\wordpress\wp-includes\class-wp-hook.php(334): WP_Hook->apply_filters()
#7 D:\Programms\OSPanel\domains\wordpress\wp-includes\plugin.php(565): WP_Hook->do_action()
#8 D:\Programms\OSPanel\domains\wordpress\wp-cron.php(191): do_action_ref_array()
#9 {main}
  thrown in D:\Programms\OSPanel\domains\wordpress\wp-content\plugins\elementor\core\base\document.php on line 962

2023-08-10T07:23:21+00:00 CRITICAL Uncaught Exception: Invalid data: {"data":["Array","Array","Array","Array"],"element":"Array"} in D:\Programms\OSPanel\domains\wordpress\wp-content\plugins\elementor\core\base\document.php:962
Stack trace:
#0 D:\Programms\OSPanel\domains\wordpress\wp-content\plugins\astra-sites\inc\importers\batch-processing\class-astra-sites-batch-processing-elementor.php(122): Elementor\Core\Base\Document->get_elements_raw_data()
#1 D:\Programms\OSPanel\domains\wordpress\wp-content\plugins\astra-sites\inc\importers\batch-processing\class-astra-sites-batch-processing-elementor.php(66): Elementor\TemplateLibrary\Astra_Sites_Batch_Processing_Elementor->import_single_post()
#2 D:\Programms\OSPanel\domains\wordpress\wp-content\plugins\astra-sites\inc\importers\batch-processing\helpers\class-wp-background-process-astra.php(41): Elementor\TemplateLibrary\Astra_Sites_Batch_Processing_Elementor->import()
#3 D:\Programms\OSPanel\domains\wordpress\wp-content\plugins\woocommerce\includes\libraries\wp-background-process.php(301): WP_Background_Process_Astra->task()
#4 D:\Programms\OSPanel\domains\wordpress\wp-content\plugins\woocommerce\includes\libraries\wp-background-process.php(447): WP_Background_Process->handle()
#5 D:\Programms\OSPanel\domains\wordpress\wp-includes\class-wp-hook.php(310): WP_Background_Process->handle_cron_healthcheck()
#6 D:\Programms\OSPanel\domains\wordpress\wp-includes\class-wp-hook.php(334): WP_Hook->apply_filters()
#7 D:\Programms\OSPanel\domains\wordpress\wp-includes\plugin.php(565): WP_Hook->do_action()
#8 D:\Programms\OSPanel\domains\wordpress\wp-cron.php(191): do_action_ref_array()
#9 {main}
  thrown in D:\Programms\OSPanel\domains\wordpress\wp-content\plugins\elementor\core\base\document.php on line 962

2023-08-10T07:29:24+00:00 CRITICAL Uncaught Exception: Invalid data: {"data":["Array","Array","Array","Array"],"element":"Array"} in D:\Programms\OSPanel\domains\wordpress\wp-content\plugins\elementor\core\base\document.php:962
Stack trace:
#0 D:\Programms\OSPanel\domains\wordpress\wp-content\plugins\astra-sites\inc\importers\batch-processing\class-astra-sites-batch-processing-elementor.php(122): Elementor\Core\Base\Document->get_elements_raw_data()
#1 D:\Programms\OSPanel\domains\wordpress\wp-content\plugins\astra-sites\inc\importers\batch-processing\class-astra-sites-batch-processing-elementor.php(66): Elementor\TemplateLibrary\Astra_Sites_Batch_Processing_Elementor->import_single_post()
#2 D:\Programms\OSPanel\domains\wordpress\wp-content\plugins\astra-sites\inc\importers\batch-processing\helpers\class-wp-background-process-astra.php(41): Elementor\TemplateLibrary\Astra_Sites_Batch_Processing_Elementor->import()
#3 D:\Programms\OSPanel\domains\wordpress\wp-content\plugins\woocommerce\includes\libraries\wp-background-process.php(301): WP_Background_Process_Astra->task()
#4 D:\Programms\OSPanel\domains\wordpress\wp-content\plugins\woocommerce\includes\libraries\wp-background-process.php(447): WP_Background_Process->handle()
#5 D:\Programms\OSPanel\domains\wordpress\wp-includes\class-wp-hook.php(310): WP_Background_Process->handle_cron_healthcheck()
#6 D:\Programms\OSPanel\domains\wordpress\wp-includes\class-wp-hook.php(334): WP_Hook->apply_filters()
#7 D:\Programms\OSPanel\domains\wordpress\wp-includes\plugin.php(565): WP_Hook->do_action()
#8 D:\Programms\OSPanel\domains\wordpress\wp-cron.php(191): do_action_ref_array()
#9 {main}
  thrown in D:\Programms\OSPanel\domains\wordpress\wp-content\plugins\elementor\core\base\document.php on line 962

2023-08-10T07:33:26+00:00 CRITICAL Uncaught Exception: Invalid data: {"data":["Array","Array","Array","Array"],"element":"Array"} in D:\Programms\OSPanel\domains\wordpress\wp-content\plugins\elementor\core\base\document.php:962
Stack trace:
#0 D:\Programms\OSPanel\domains\wordpress\wp-content\plugins\astra-sites\inc\importers\batch-processing\class-astra-sites-batch-processing-elementor.php(122): Elementor\Core\Base\Document->get_elements_raw_data()
#1 D:\Programms\OSPanel\domains\wordpress\wp-content\plugins\astra-sites\inc\importers\batch-processing\class-astra-sites-batch-processing-elementor.php(66): Elementor\TemplateLibrary\Astra_Sites_Batch_Processing_Elementor->import_single_post()
#2 D:\Programms\OSPanel\domains\wordpress\wp-content\plugins\astra-sites\inc\importers\batch-processing\helpers\class-wp-background-process-astra.php(41): Elementor\TemplateLibrary\Astra_Sites_Batch_Processing_Elementor->import()
#3 D:\Programms\OSPanel\domains\wordpress\wp-content\plugins\woocommerce\includes\libraries\wp-background-process.php(301): WP_Background_Process_Astra->task()
#4 D:\Programms\OSPanel\domains\wordpress\wp-content\plugins\woocommerce\includes\libraries\wp-background-process.php(447): WP_Background_Process->handle()
#5 D:\Programms\OSPanel\domains\wordpress\wp-includes\class-wp-hook.php(310): WP_Background_Process->handle_cron_healthcheck()
#6 D:\Programms\OSPanel\domains\wordpress\wp-includes\class-wp-hook.php(334): WP_Hook->apply_filters()
#7 D:\Programms\OSPanel\domains\wordpress\wp-includes\plugin.php(565): WP_Hook->do_action()
#8 D:\Programms\OSPanel\domains\wordpress\wp-cron.php(191): do_action_ref_array()
#9 {main}
  thrown in D:\Programms\OSPanel\domains\wordpress\wp-content\plugins\elementor\core\base\document.php on line 962

2023-08-10T09:44:02+00:00 CRITICAL Uncaught Exception: Invalid data: {"data":["Array","Array","Array","Array"],"element":"Array"} in D:\Programms\OSPanel\domains\wordpress\wp-content\plugins\elementor\core\base\document.php:962
Stack trace:
#0 D:\Programms\OSPanel\domains\wordpress\wp-content\plugins\astra-sites\inc\importers\batch-processing\class-astra-sites-batch-processing-elementor.php(122): Elementor\Core\Base\Document->get_elements_raw_data()
#1 D:\Programms\OSPanel\domains\wordpress\wp-content\plugins\astra-sites\inc\importers\batch-processing\class-astra-sites-batch-processing-elementor.php(66): Elementor\TemplateLibrary\Astra_Sites_Batch_Processing_Elementor->import_single_post()
#2 D:\Programms\OSPanel\domains\wordpress\wp-content\plugins\astra-sites\inc\importers\batch-processing\helpers\class-wp-background-process-astra.php(41): Elementor\TemplateLibrary\Astra_Sites_Batch_Processing_Elementor->import()
#3 D:\Programms\OSPanel\domains\wordpress\wp-content\plugins\woocommerce\includes\libraries\wp-background-process.php(301): WP_Background_Process_Astra->task()
#4 D:\Programms\OSPanel\domains\wordpress\wp-content\plugins\woocommerce\includes\libraries\wp-background-process.php(447): WP_Background_Process->handle()
#5 D:\Programms\OSPanel\domains\wordpress\wp-includes\class-wp-hook.php(310): WP_Background_Process->handle_cron_healthcheck()
#6 D:\Programms\OSPanel\domains\wordpress\wp-includes\class-wp-hook.php(334): WP_Hook->apply_filters()
#7 D:\Programms\OSPanel\domains\wordpress\wp-includes\plugin.php(565): WP_Hook->do_action()
#8 D:\Programms\OSPanel\domains\wordpress\wp-cron.php(191): do_action_ref_array()
#9 {main}
  thrown in D:\Programms\OSPanel\domains\wordpress\wp-content\plugins\elementor\core\base\document.php on line 962

2023-08-10T11:04:40+00:00 CRITICAL Uncaught Exception: Invalid data: {"data":["Array","Array","Array","Array"],"element":"Array"} in D:\Programms\OSPanel\domains\wordpress\wp-content\plugins\elementor\core\base\document.php:962
Stack trace:
#0 D:\Programms\OSPanel\domains\wordpress\wp-content\plugins\astra-sites\inc\importers\batch-processing\class-astra-sites-batch-processing-elementor.php(122): Elementor\Core\Base\Document->get_elements_raw_data()
#1 D:\Programms\OSPanel\domains\wordpress\wp-content\plugins\astra-sites\inc\importers\batch-processing\class-astra-sites-batch-processing-elementor.php(66): Elementor\TemplateLibrary\Astra_Sites_Batch_Processing_Elementor->import_single_post()
#2 D:\Programms\OSPanel\domains\wordpress\wp-content\plugins\astra-sites\inc\importers\batch-processing\helpers\class-wp-background-process-astra.php(41): Elementor\TemplateLibrary\Astra_Sites_Batch_Processing_Elementor->import()
#3 D:\Programms\OSPanel\domains\wordpress\wp-content\plugins\woocommerce\includes\libraries\wp-background-process.php(301): WP_Background_Process_Astra->task()
#4 D:\Programms\OSPanel\domains\wordpress\wp-content\plugins\woocommerce\includes\libraries\wp-background-process.php(447): WP_Background_Process->handle()
#5 D:\Programms\OSPanel\domains\wordpress\wp-includes\class-wp-hook.php(310): WP_Background_Process->handle_cron_healthcheck()
#6 D:\Programms\OSPanel\domains\wordpress\wp-includes\class-wp-hook.php(334): WP_Hook->apply_filters()
#7 D:\Programms\OSPanel\domains\wordpress\wp-includes\plugin.php(565): WP_Hook->do_action()
#8 D:\Programms\OSPanel\domains\wordpress\wp-cron.php(191): do_action_ref_array()
#9 {main}
  thrown in D:\Programms\OSPanel\domains\wordpress\wp-content\plugins\elementor\core\base\document.php on line 962

2023-08-10T11:09:26+00:00 CRITICAL Uncaught Exception: Invalid data: {"data":["Array","Array","Array","Array"],"element":"Array"} in D:\Programms\OSPanel\domains\wordpress\wp-content\plugins\elementor\core\base\document.php:962
Stack trace:
#0 D:\Programms\OSPanel\domains\wordpress\wp-content\plugins\astra-sites\inc\importers\batch-processing\class-astra-sites-batch-processing-elementor.php(122): Elementor\Core\Base\Document->get_elements_raw_data()
#1 D:\Programms\OSPanel\domains\wordpress\wp-content\plugins\astra-sites\inc\importers\batch-processing\class-astra-sites-batch-processing-elementor.php(66): Elementor\TemplateLibrary\Astra_Sites_Batch_Processing_Elementor->import_single_post()
#2 D:\Programms\OSPanel\domains\wordpress\wp-content\plugins\astra-sites\inc\importers\batch-processing\helpers\class-wp-background-process-astra.php(41): Elementor\TemplateLibrary\Astra_Sites_Batch_Processing_Elementor->import()
#3 D:\Programms\OSPanel\domains\wordpress\wp-content\plugins\woocommerce\includes\libraries\wp-background-process.php(301): WP_Background_Process_Astra->task()
#4 D:\Programms\OSPanel\domains\wordpress\wp-content\plugins\woocommerce\includes\libraries\wp-background-process.php(447): WP_Background_Process->handle()
#5 D:\Programms\OSPanel\domains\wordpress\wp-includes\class-wp-hook.php(310): WP_Background_Process->handle_cron_healthcheck()
#6 D:\Programms\OSPanel\domains\wordpress\wp-includes\class-wp-hook.php(334): WP_Hook->apply_filters()
#7 D:\Programms\OSPanel\domains\wordpress\wp-includes\plugin.php(565): WP_Hook->do_action()
#8 D:\Programms\OSPanel\domains\wordpress\wp-cron.php(191): do_action_ref_array()
#9 {main}
  thrown in D:\Programms\OSPanel\domains\wordpress\wp-content\plugins\elementor\core\base\document.php on line 962

2023-08-10T11:13:28+00:00 CRITICAL Uncaught Exception: Invalid data: {"data":["Array","Array","Array","Array"],"element":"Array"} in D:\Programms\OSPanel\domains\wordpress\wp-content\plugins\elementor\core\base\document.php:962
Stack trace:
#0 D:\Programms\OSPanel\domains\wordpress\wp-content\plugins\astra-sites\inc\importers\batch-processing\class-astra-sites-batch-processing-elementor.php(122): Elementor\Core\Base\Document->get_elements_raw_data()
#1 D:\Programms\OSPanel\domains\wordpress\wp-content\plugins\astra-sites\inc\importers\batch-processing\class-astra-sites-batch-processing-elementor.php(66): Elementor\TemplateLibrary\Astra_Sites_Batch_Processing_Elementor->import_single_post()
#2 D:\Programms\OSPanel\domains\wordpress\wp-content\plugins\astra-sites\inc\importers\batch-processing\helpers\class-wp-background-process-astra.php(41): Elementor\TemplateLibrary\Astra_Sites_Batch_Processing_Elementor->import()
#3 D:\Programms\OSPanel\domains\wordpress\wp-content\plugins\woocommerce\includes\libraries\wp-background-process.php(301): WP_Background_Process_Astra->task()
#4 D:\Programms\OSPanel\domains\wordpress\wp-content\plugins\woocommerce\includes\libraries\wp-background-process.php(447): WP_Background_Process->handle()
#5 D:\Programms\OSPanel\domains\wordpress\wp-includes\class-wp-hook.php(310): WP_Background_Process->handle_cron_healthcheck()
#6 D:\Programms\OSPanel\domains\wordpress\wp-includes\class-wp-hook.php(334): WP_Hook->apply_filters()
#7 D:\Programms\OSPanel\domains\wordpress\wp-includes\plugin.php(565): WP_Hook->do_action()
#8 D:\Programms\OSPanel\domains\wordpress\wp-cron.php(191): do_action_ref_array()
#9 {main}
  thrown in D:\Programms\OSPanel\domains\wordpress\wp-content\plugins\elementor\core\base\document.php on line 962

2023-08-10T11:18:28+00:00 CRITICAL Uncaught Exception: Invalid data: {"data":["Array","Array","Array","Array"],"element":"Array"} in D:\Programms\OSPanel\domains\wordpress\wp-content\plugins\elementor\core\base\document.php:962
Stack trace:
#0 D:\Programms\OSPanel\domains\wordpress\wp-content\plugins\astra-sites\inc\importers\batch-processing\class-astra-sites-batch-processing-elementor.php(122): Elementor\Core\Base\Document->get_elements_raw_data()
#1 D:\Programms\OSPanel\domains\wordpress\wp-content\plugins\astra-sites\inc\importers\batch-processing\class-astra-sites-batch-processing-elementor.php(66): Elementor\TemplateLibrary\Astra_Sites_Batch_Processing_Elementor->import_single_post()
#2 D:\Programms\OSPanel\domains\wordpress\wp-content\plugins\astra-sites\inc\importers\batch-processing\helpers\class-wp-background-process-astra.php(41): Elementor\TemplateLibrary\Astra_Sites_Batch_Processing_Elementor->import()
#3 D:\Programms\OSPanel\domains\wordpress\wp-content\plugins\woocommerce\includes\libraries\wp-background-process.php(301): WP_Background_Process_Astra->task()
#4 D:\Programms\OSPanel\domains\wordpress\wp-content\plugins\woocommerce\includes\libraries\wp-background-process.php(447): WP_Background_Process->handle()
#5 D:\Programms\OSPanel\domains\wordpress\wp-includes\class-wp-hook.php(310): WP_Background_Process->handle_cron_healthcheck()
#6 D:\Programms\OSPanel\domains\wordpress\wp-includes\class-wp-hook.php(334): WP_Hook->apply_filters()
#7 D:\Programms\OSPanel\domains\wordpress\wp-includes\plugin.php(565): WP_Hook->do_action()
#8 D:\Programms\OSPanel\domains\wordpress\wp-cron.php(191): do_action_ref_array()
#9 {main}
  thrown in D:\Programms\OSPanel\domains\wordpress\wp-content\plugins\elementor\core\base\document.php on line 962

2023-08-10T11:24:30+00:00 CRITICAL Uncaught Exception: Invalid data: {"data":["Array","Array","Array","Array"],"element":"Array"} in D:\Programms\OSPanel\domains\wordpress\wp-content\plugins\elementor\core\base\document.php:962
Stack trace:
#0 D:\Programms\OSPanel\domains\wordpress\wp-content\plugins\astra-sites\inc\importers\batch-processing\class-astra-sites-batch-processing-elementor.php(122): Elementor\Core\Base\Document->get_elements_raw_data()
#1 D:\Programms\OSPanel\domains\wordpress\wp-content\plugins\astra-sites\inc\importers\batch-processing\class-astra-sites-batch-processing-elementor.php(66): Elementor\TemplateLibrary\Astra_Sites_Batch_Processing_Elementor->import_single_post()
#2 D:\Programms\OSPanel\domains\wordpress\wp-content\plugins\astra-sites\inc\importers\batch-processing\helpers\class-wp-background-process-astra.php(41): Elementor\TemplateLibrary\Astra_Sites_Batch_Processing_Elementor->import()
#3 D:\Programms\OSPanel\domains\wordpress\wp-content\plugins\woocommerce\includes\libraries\wp-background-process.php(301): WP_Background_Process_Astra->task()
#4 D:\Programms\OSPanel\domains\wordpress\wp-content\plugins\woocommerce\includes\libraries\wp-background-process.php(447): WP_Background_Process->handle()
#5 D:\Programms\OSPanel\domains\wordpress\wp-includes\class-wp-hook.php(310): WP_Background_Process->handle_cron_healthcheck()
#6 D:\Programms\OSPanel\domains\wordpress\wp-includes\class-wp-hook.php(334): WP_Hook->apply_filters()
#7 D:\Programms\OSPanel\domains\wordpress\wp-includes\plugin.php(565): WP_Hook->do_action()
#8 D:\Programms\OSPanel\domains\wordpress\wp-cron.php(191): do_action_ref_array()
#9 {main}
  thrown in D:\Programms\OSPanel\domains\wordpress\wp-content\plugins\elementor\core\base\document.php on line 962

2023-08-10T11:28:39+00:00 CRITICAL Uncaught Exception: Invalid data: {"data":["Array","Array","Array","Array"],"element":"Array"} in D:\Programms\OSPanel\domains\wordpress\wp-content\plugins\elementor\core\base\document.php:962
Stack trace:
#0 D:\Programms\OSPanel\domains\wordpress\wp-content\plugins\astra-sites\inc\importers\batch-processing\class-astra-sites-batch-processing-elementor.php(122): Elementor\Core\Base\Document->get_elements_raw_data()
#1 D:\Programms\OSPanel\domains\wordpress\wp-content\plugins\astra-sites\inc\importers\batch-processing\class-astra-sites-batch-processing-elementor.php(66): Elementor\TemplateLibrary\Astra_Sites_Batch_Processing_Elementor->import_single_post()
#2 D:\Programms\OSPanel\domains\wordpress\wp-content\plugins\astra-sites\inc\importers\batch-processing\helpers\class-wp-background-process-astra.php(41): Elementor\TemplateLibrary\Astra_Sites_Batch_Processing_Elementor->import()
#3 D:\Programms\OSPanel\domains\wordpress\wp-content\plugins\woocommerce\includes\libraries\wp-background-process.php(301): WP_Background_Process_Astra->task()
#4 D:\Programms\OSPanel\domains\wordpress\wp-content\plugins\woocommerce\includes\libraries\wp-background-process.php(447): WP_Background_Process->handle()
#5 D:\Programms\OSPanel\domains\wordpress\wp-includes\class-wp-hook.php(310): WP_Background_Process->handle_cron_healthcheck()
#6 D:\Programms\OSPanel\domains\wordpress\wp-includes\class-wp-hook.php(334): WP_Hook->apply_filters()
#7 D:\Programms\OSPanel\domains\wordpress\wp-includes\plugin.php(565): WP_Hook->do_action()
#8 D:\Programms\OSPanel\domains\wordpress\wp-cron.php(191): do_action_ref_array()
#9 {main}
  thrown in D:\Programms\OSPanel\domains\wordpress\wp-content\plugins\elementor\core\base\document.php on line 962

2023-08-10T13:50:00+00:00 CRITICAL Uncaught Exception: Invalid data: {"data":["Array","Array","Array","Array"],"element":"Array"} in D:\Programms\OSPanel\domains\wordpress\wp-content\plugins\elementor\core\base\document.php:962
Stack trace:
#0 D:\Programms\OSPanel\domains\wordpress\wp-content\plugins\astra-sites\inc\importers\batch-processing\class-astra-sites-batch-processing-elementor.php(122): Elementor\Core\Base\Document->get_elements_raw_data()
#1 D:\Programms\OSPanel\domains\wordpress\wp-content\plugins\astra-sites\inc\importers\batch-processing\class-astra-sites-batch-processing-elementor.php(66): Elementor\TemplateLibrary\Astra_Sites_Batch_Processing_Elementor->import_single_post()
#2 D:\Programms\OSPanel\domains\wordpress\wp-content\plugins\astra-sites\inc\importers\batch-processing\helpers\class-wp-background-process-astra.php(41): Elementor\TemplateLibrary\Astra_Sites_Batch_Processing_Elementor->import()
#3 D:\Programms\OSPanel\domains\wordpress\wp-content\plugins\woocommerce\includes\libraries\wp-background-process.php(301): WP_Background_Process_Astra->task()
#4 D:\Programms\OSPanel\domains\wordpress\wp-content\plugins\woocommerce\includes\libraries\wp-background-process.php(447): WP_Background_Process->handle()
#5 D:\Programms\OSPanel\domains\wordpress\wp-includes\class-wp-hook.php(310): WP_Background_Process->handle_cron_healthcheck()
#6 D:\Programms\OSPanel\domains\wordpress\wp-includes\class-wp-hook.php(334): WP_Hook->apply_filters()
#7 D:\Programms\OSPanel\domains\wordpress\wp-includes\plugin.php(565): WP_Hook->do_action()
#8 D:\Programms\OSPanel\domains\wordpress\wp-cron.php(191): do_action_ref_array()
#9 {main}
  thrown in D:\Programms\OSPanel\domains\wordpress\wp-content\plugins\elementor\core\base\document.php on line 962

2023-08-10T13:54:01+00:00 CRITICAL Uncaught Exception: Invalid data: {"data":["Array","Array","Array","Array"],"element":"Array"} in D:\Programms\OSPanel\domains\wordpress\wp-content\plugins\elementor\core\base\document.php:962
Stack trace:
#0 D:\Programms\OSPanel\domains\wordpress\wp-content\plugins\astra-sites\inc\importers\batch-processing\class-astra-sites-batch-processing-elementor.php(122): Elementor\Core\Base\Document->get_elements_raw_data()
#1 D:\Programms\OSPanel\domains\wordpress\wp-content\plugins\astra-sites\inc\importers\batch-processing\class-astra-sites-batch-processing-elementor.php(66): Elementor\TemplateLibrary\Astra_Sites_Batch_Processing_Elementor->import_single_post()
#2 D:\Programms\OSPanel\domains\wordpress\wp-content\plugins\astra-sites\inc\importers\batch-processing\helpers\class-wp-background-process-astra.php(41): Elementor\TemplateLibrary\Astra_Sites_Batch_Processing_Elementor->import()
#3 D:\Programms\OSPanel\domains\wordpress\wp-content\plugins\woocommerce\includes\libraries\wp-background-process.php(301): WP_Background_Process_Astra->task()
#4 D:\Programms\OSPanel\domains\wordpress\wp-content\plugins\woocommerce\includes\libraries\wp-background-process.php(447): WP_Background_Process->handle()
#5 D:\Programms\OSPanel\domains\wordpress\wp-includes\class-wp-hook.php(310): WP_Background_Process->handle_cron_healthcheck()
#6 D:\Programms\OSPanel\domains\wordpress\wp-includes\class-wp-hook.php(334): WP_Hook->apply_filters()
#7 D:\Programms\OSPanel\domains\wordpress\wp-includes\plugin.php(565): WP_Hook->do_action()
#8 D:\Programms\OSPanel\domains\wordpress\wp-cron.php(191): do_action_ref_array()
#9 {main}
  thrown in D:\Programms\OSPanel\domains\wordpress\wp-content\plugins\elementor\core\base\document.php on line 962

2023-08-10T13:57:46+00:00 CRITICAL Uncaught Exception: Invalid data: {"data":["Array","Array","Array","Array"],"element":"Array"} in D:\Programms\OSPanel\domains\wordpress\wp-content\plugins\elementor\core\base\document.php:962
Stack trace:
#0 D:\Programms\OSPanel\domains\wordpress\wp-content\plugins\astra-sites\inc\importers\batch-processing\class-astra-sites-batch-processing-elementor.php(122): Elementor\Core\Base\Document->get_elements_raw_data()
#1 D:\Programms\OSPanel\domains\wordpress\wp-content\plugins\astra-sites\inc\importers\batch-processing\class-astra-sites-batch-processing-elementor.php(66): Elementor\TemplateLibrary\Astra_Sites_Batch_Processing_Elementor->import_single_post()
#2 D:\Programms\OSPanel\domains\wordpress\wp-content\plugins\astra-sites\inc\importers\batch-processing\helpers\class-wp-background-process-astra.php(41): Elementor\TemplateLibrary\Astra_Sites_Batch_Processing_Elementor->import()
#3 D:\Programms\OSPanel\domains\wordpress\wp-content\plugins\woocommerce\includes\libraries\wp-background-process.php(301): WP_Background_Process_Astra->task()
#4 D:\Programms\OSPanel\domains\wordpress\wp-content\plugins\woocommerce\includes\libraries\wp-background-process.php(447): WP_Background_Process->handle()
#5 D:\Programms\OSPanel\domains\wordpress\wp-includes\class-wp-hook.php(310): WP_Background_Process->handle_cron_healthcheck()
#6 D:\Programms\OSPanel\domains\wordpress\wp-includes\class-wp-hook.php(334): WP_Hook->apply_filters()
#7 D:\Programms\OSPanel\domains\wordpress\wp-includes\plugin.php(565): WP_Hook->do_action()
#8 D:\Programms\OSPanel\domains\wordpress\wp-cron.php(191): do_action_ref_array()
#9 {main}
  thrown in D:\Programms\OSPanel\domains\wordpress\wp-content\plugins\elementor\core\base\document.php on line 962

2023-08-10T14:02:52+00:00 CRITICAL Uncaught Exception: Invalid data: {"data":["Array","Array","Array","Array"],"element":"Array"} in D:\Programms\OSPanel\domains\wordpress\wp-content\plugins\elementor\core\base\document.php:962
Stack trace:
#0 D:\Programms\OSPanel\domains\wordpress\wp-content\plugins\astra-sites\inc\importers\batch-processing\class-astra-sites-batch-processing-elementor.php(122): Elementor\Core\Base\Document->get_elements_raw_data()
#1 D:\Programms\OSPanel\domains\wordpress\wp-content\plugins\astra-sites\inc\importers\batch-processing\class-astra-sites-batch-processing-elementor.php(66): Elementor\TemplateLibrary\Astra_Sites_Batch_Processing_Elementor->import_single_post()
#2 D:\Programms\OSPanel\domains\wordpress\wp-content\plugins\astra-sites\inc\importers\batch-processing\helpers\class-wp-background-process-astra.php(41): Elementor\TemplateLibrary\Astra_Sites_Batch_Processing_Elementor->import()
#3 D:\Programms\OSPanel\domains\wordpress\wp-content\plugins\woocommerce\includes\libraries\wp-background-process.php(301): WP_Background_Process_Astra->task()
#4 D:\Programms\OSPanel\domains\wordpress\wp-content\plugins\woocommerce\includes\libraries\wp-background-process.php(447): WP_Background_Process->handle()
#5 D:\Programms\OSPanel\domains\wordpress\wp-includes\class-wp-hook.php(310): WP_Background_Process->handle_cron_healthcheck()
#6 D:\Programms\OSPanel\domains\wordpress\wp-includes\class-wp-hook.php(334): WP_Hook->apply_filters()
#7 D:\Programms\OSPanel\domains\wordpress\wp-includes\plugin.php(565): WP_Hook->do_action()
#8 D:\Programms\OSPanel\domains\wordpress\wp-cron.php(191): do_action_ref_array()
#9 {main}
  thrown in D:\Programms\OSPanel\domains\wordpress\wp-content\plugins\elementor\core\base\document.php on line 962

