2023-08-17T04:05:11+00:00 CRITICAL Uncaught Exception: Invalid data: {"data":["Array","Array","Array","Array"],"element":"Array"} in D:\Programms\OSPanel\domains\wordpress\wp-content\plugins\elementor\core\base\document.php:962
Stack trace:
#0 D:\Programms\OSPanel\domains\wordpress\wp-content\plugins\astra-sites\inc\importers\batch-processing\class-astra-sites-batch-processing-elementor.php(122): Elementor\Core\Base\Document->get_elements_raw_data()
#1 D:\Programms\OSPanel\domains\wordpress\wp-content\plugins\astra-sites\inc\importers\batch-processing\class-astra-sites-batch-processing-elementor.php(66): Elementor\TemplateLibrary\Astra_Sites_Batch_Processing_Elementor->import_single_post()
#2 D:\Programms\OSPanel\domains\wordpress\wp-content\plugins\astra-sites\inc\importers\batch-processing\helpers\class-wp-background-process-astra.php(41): Elementor\TemplateLibrary\Astra_Sites_Batch_Processing_Elementor->import()
#3 D:\Programms\OSPanel\domains\wordpress\wp-content\plugins\woocommerce\includes\libraries\wp-background-process.php(301): WP_Background_Process_Astra->task()
#4 D:\Programms\OSPanel\domains\wordpress\wp-content\plugins\woocommerce\includes\libraries\wp-background-process.php(447): WP_Background_Process->handle()
#5 D:\Programms\OSPanel\domains\wordpress\wp-includes\class-wp-hook.php(310): WP_Background_Process->handle_cron_healthcheck()
#6 D:\Programms\OSPanel\domains\wordpress\wp-includes\class-wp-hook.php(334): WP_Hook->apply_filters()
#7 D:\Programms\OSPanel\domains\wordpress\wp-includes\plugin.php(565): WP_Hook->do_action()
#8 D:\Programms\OSPanel\domains\wordpress\wp-cron.php(191): do_action_ref_array()
#9 {main}
  thrown in D:\Programms\OSPanel\domains\wordpress\wp-content\plugins\elementor\core\base\document.php on line 962

2023-08-17T04:07:17+00:00 CRITICAL Maximum execution time of 60 seconds exceeded in D:\Programms\OSPanel\domains\wordpress\wp-includes\Requests\src\Transport\Curl.php on line 510

2023-08-17T04:07:21+00:00 CRITICAL Maximum execution time of 60 seconds exceeded in D:\Programms\OSPanel\domains\wordpress\wp-includes\Requests\src\Transport\Curl.php on line 205

2023-08-17T04:07:48+00:00 CRITICAL Uncaught Exception: Invalid data: {"data":["Array","Array","Array","Array"],"element":"Array"} in D:\Programms\OSPanel\domains\wordpress\wp-content\plugins\elementor\core\base\document.php:962
Stack trace:
#0 D:\Programms\OSPanel\domains\wordpress\wp-content\plugins\astra-sites\inc\importers\batch-processing\class-astra-sites-batch-processing-elementor.php(122): Elementor\Core\Base\Document->get_elements_raw_data()
#1 D:\Programms\OSPanel\domains\wordpress\wp-content\plugins\astra-sites\inc\importers\batch-processing\class-astra-sites-batch-processing-elementor.php(66): Elementor\TemplateLibrary\Astra_Sites_Batch_Processing_Elementor->import_single_post()
#2 D:\Programms\OSPanel\domains\wordpress\wp-content\plugins\astra-sites\inc\importers\batch-processing\helpers\class-wp-background-process-astra.php(41): Elementor\TemplateLibrary\Astra_Sites_Batch_Processing_Elementor->import()
#3 D:\Programms\OSPanel\domains\wordpress\wp-content\plugins\woocommerce\includes\libraries\wp-background-process.php(301): WP_Background_Process_Astra->task()
#4 D:\Programms\OSPanel\domains\wordpress\wp-content\plugins\woocommerce\includes\libraries\wp-background-process.php(447): WP_Background_Process->handle()
#5 D:\Programms\OSPanel\domains\wordpress\wp-includes\class-wp-hook.php(310): WP_Background_Process->handle_cron_healthcheck()
#6 D:\Programms\OSPanel\domains\wordpress\wp-includes\class-wp-hook.php(334): WP_Hook->apply_filters()
#7 D:\Programms\OSPanel\domains\wordpress\wp-includes\plugin.php(565): WP_Hook->do_action()
#8 D:\Programms\OSPanel\domains\wordpress\wp-cron.php(191): do_action_ref_array()
#9 {main}
  thrown in D:\Programms\OSPanel\domains\wordpress\wp-content\plugins\elementor\core\base\document.php on line 962

2023-08-17T04:52:39+00:00 CRITICAL Uncaught Exception: Invalid data: {"data":["Array","Array","Array","Array"],"element":"Array"} in D:\Programms\OSPanel\domains\wordpress\wp-content\plugins\elementor\core\base\document.php:962
Stack trace:
#0 D:\Programms\OSPanel\domains\wordpress\wp-content\plugins\astra-sites\inc\importers\batch-processing\class-astra-sites-batch-processing-elementor.php(122): Elementor\Core\Base\Document->get_elements_raw_data()
#1 D:\Programms\OSPanel\domains\wordpress\wp-content\plugins\astra-sites\inc\importers\batch-processing\class-astra-sites-batch-processing-elementor.php(66): Elementor\TemplateLibrary\Astra_Sites_Batch_Processing_Elementor->import_single_post()
#2 D:\Programms\OSPanel\domains\wordpress\wp-content\plugins\astra-sites\inc\importers\batch-processing\helpers\class-wp-background-process-astra.php(41): Elementor\TemplateLibrary\Astra_Sites_Batch_Processing_Elementor->import()
#3 D:\Programms\OSPanel\domains\wordpress\wp-content\plugins\woocommerce\includes\libraries\wp-background-process.php(301): WP_Background_Process_Astra->task()
#4 D:\Programms\OSPanel\domains\wordpress\wp-content\plugins\woocommerce\includes\libraries\wp-background-process.php(447): WP_Background_Process->handle()
#5 D:\Programms\OSPanel\domains\wordpress\wp-includes\class-wp-hook.php(310): WP_Background_Process->handle_cron_healthcheck()
#6 D:\Programms\OSPanel\domains\wordpress\wp-includes\class-wp-hook.php(334): WP_Hook->apply_filters()
#7 D:\Programms\OSPanel\domains\wordpress\wp-includes\plugin.php(565): WP_Hook->do_action()
#8 D:\Programms\OSPanel\domains\wordpress\wp-cron.php(191): do_action_ref_array()
#9 {main}
  thrown in D:\Programms\OSPanel\domains\wordpress\wp-content\plugins\elementor\core\base\document.php on line 962

2023-08-17T04:57:00+00:00 CRITICAL Maximum execution time of 60 seconds exceeded in D:\Programms\OSPanel\domains\wordpress\wp-content\plugins\smart-slider-3\Nextend\Framework\FastImageSize\FastImageSize.php on line 190

2023-08-17T04:57:36+00:00 CRITICAL Uncaught Exception: Invalid data: {"data":["Array","Array","Array","Array"],"element":"Array"} in D:\Programms\OSPanel\domains\wordpress\wp-content\plugins\elementor\core\base\document.php:962
Stack trace:
#0 D:\Programms\OSPanel\domains\wordpress\wp-content\plugins\astra-sites\inc\importers\batch-processing\class-astra-sites-batch-processing-elementor.php(122): Elementor\Core\Base\Document->get_elements_raw_data()
#1 D:\Programms\OSPanel\domains\wordpress\wp-content\plugins\astra-sites\inc\importers\batch-processing\class-astra-sites-batch-processing-elementor.php(66): Elementor\TemplateLibrary\Astra_Sites_Batch_Processing_Elementor->import_single_post()
#2 D:\Programms\OSPanel\domains\wordpress\wp-content\plugins\astra-sites\inc\importers\batch-processing\helpers\class-wp-background-process-astra.php(41): Elementor\TemplateLibrary\Astra_Sites_Batch_Processing_Elementor->import()
#3 D:\Programms\OSPanel\domains\wordpress\wp-content\plugins\woocommerce\includes\libraries\wp-background-process.php(301): WP_Background_Process_Astra->task()
#4 D:\Programms\OSPanel\domains\wordpress\wp-content\plugins\woocommerce\includes\libraries\wp-background-process.php(447): WP_Background_Process->handle()
#5 D:\Programms\OSPanel\domains\wordpress\wp-includes\class-wp-hook.php(310): WP_Background_Process->handle_cron_healthcheck()
#6 D:\Programms\OSPanel\domains\wordpress\wp-includes\class-wp-hook.php(334): WP_Hook->apply_filters()
#7 D:\Programms\OSPanel\domains\wordpress\wp-includes\plugin.php(565): WP_Hook->do_action()
#8 D:\Programms\OSPanel\domains\wordpress\wp-cron.php(191): do_action_ref_array()
#9 {main}
  thrown in D:\Programms\OSPanel\domains\wordpress\wp-content\plugins\elementor\core\base\document.php on line 962

2023-08-17T04:59:33+00:00 CRITICAL Maximum execution time of 60 seconds exceeded in D:\Programms\OSPanel\domains\wordpress\wp-content\plugins\smart-slider-3\Nextend\Framework\FastImageSize\FastImageSize.php on line 190

2023-08-17T04:59:50+00:00 CRITICAL Maximum execution time of 60 seconds exceeded in D:\Programms\OSPanel\domains\wordpress\wp-content\plugins\smart-slider-3\Nextend\Framework\FastImageSize\FastImageSize.php on line 190

2023-08-17T04:59:57+00:00 CRITICAL Maximum execution time of 60 seconds exceeded in D:\Programms\OSPanel\domains\wordpress\wp-content\plugins\smart-slider-3\Nextend\Framework\FastImageSize\FastImageSize.php on line 190

2023-08-17T05:01:00+00:00 CRITICAL Maximum execution time of 60 seconds exceeded in D:\Programms\OSPanel\domains\wordpress\wp-content\plugins\smart-slider-3\Nextend\Framework\FastImageSize\FastImageSize.php on line 190

2023-08-17T05:01:52+00:00 CRITICAL Maximum execution time of 60 seconds exceeded in D:\Programms\OSPanel\domains\wordpress\wp-content\plugins\smart-slider-3\Nextend\Framework\FastImageSize\FastImageSize.php on line 190

2023-08-17T05:02:50+00:00 CRITICAL Uncaught Exception: Invalid data: {"data":["Array","Array","Array","Array"],"element":"Array"} in D:\Programms\OSPanel\domains\wordpress\wp-content\plugins\elementor\core\base\document.php:962
Stack trace:
#0 D:\Programms\OSPanel\domains\wordpress\wp-content\plugins\astra-sites\inc\importers\batch-processing\class-astra-sites-batch-processing-elementor.php(122): Elementor\Core\Base\Document->get_elements_raw_data()
#1 D:\Programms\OSPanel\domains\wordpress\wp-content\plugins\astra-sites\inc\importers\batch-processing\class-astra-sites-batch-processing-elementor.php(66): Elementor\TemplateLibrary\Astra_Sites_Batch_Processing_Elementor->import_single_post()
#2 D:\Programms\OSPanel\domains\wordpress\wp-content\plugins\astra-sites\inc\importers\batch-processing\helpers\class-wp-background-process-astra.php(41): Elementor\TemplateLibrary\Astra_Sites_Batch_Processing_Elementor->import()
#3 D:\Programms\OSPanel\domains\wordpress\wp-content\plugins\woocommerce\includes\libraries\wp-background-process.php(301): WP_Background_Process_Astra->task()
#4 D:\Programms\OSPanel\domains\wordpress\wp-content\plugins\woocommerce\includes\libraries\wp-background-process.php(447): WP_Background_Process->handle()
#5 D:\Programms\OSPanel\domains\wordpress\wp-includes\class-wp-hook.php(310): WP_Background_Process->handle_cron_healthcheck()
#6 D:\Programms\OSPanel\domains\wordpress\wp-includes\class-wp-hook.php(334): WP_Hook->apply_filters()
#7 D:\Programms\OSPanel\domains\wordpress\wp-includes\plugin.php(565): WP_Hook->do_action()
#8 D:\Programms\OSPanel\domains\wordpress\wp-cron.php(191): do_action_ref_array()
#9 {main}
  thrown in D:\Programms\OSPanel\domains\wordpress\wp-content\plugins\elementor\core\base\document.php on line 962

2023-08-17T05:07:49+00:00 CRITICAL Uncaught Exception: Invalid data: {"data":["Array","Array","Array","Array"],"element":"Array"} in D:\Programms\OSPanel\domains\wordpress\wp-content\plugins\elementor\core\base\document.php:962
Stack trace:
#0 D:\Programms\OSPanel\domains\wordpress\wp-content\plugins\astra-sites\inc\importers\batch-processing\class-astra-sites-batch-processing-elementor.php(122): Elementor\Core\Base\Document->get_elements_raw_data()
#1 D:\Programms\OSPanel\domains\wordpress\wp-content\plugins\astra-sites\inc\importers\batch-processing\class-astra-sites-batch-processing-elementor.php(66): Elementor\TemplateLibrary\Astra_Sites_Batch_Processing_Elementor->import_single_post()
#2 D:\Programms\OSPanel\domains\wordpress\wp-content\plugins\astra-sites\inc\importers\batch-processing\helpers\class-wp-background-process-astra.php(41): Elementor\TemplateLibrary\Astra_Sites_Batch_Processing_Elementor->import()
#3 D:\Programms\OSPanel\domains\wordpress\wp-content\plugins\woocommerce\includes\libraries\wp-background-process.php(301): WP_Background_Process_Astra->task()
#4 D:\Programms\OSPanel\domains\wordpress\wp-content\plugins\woocommerce\includes\libraries\wp-background-process.php(447): WP_Background_Process->handle()
#5 D:\Programms\OSPanel\domains\wordpress\wp-includes\class-wp-hook.php(310): WP_Background_Process->handle_cron_healthcheck()
#6 D:\Programms\OSPanel\domains\wordpress\wp-includes\class-wp-hook.php(334): WP_Hook->apply_filters()
#7 D:\Programms\OSPanel\domains\wordpress\wp-includes\plugin.php(565): WP_Hook->do_action()
#8 D:\Programms\OSPanel\domains\wordpress\wp-cron.php(191): do_action_ref_array()
#9 {main}
  thrown in D:\Programms\OSPanel\domains\wordpress\wp-content\plugins\elementor\core\base\document.php on line 962

2023-08-17T05:13:18+00:00 CRITICAL Uncaught Exception: Invalid data: {"data":["Array","Array","Array","Array"],"element":"Array"} in D:\Programms\OSPanel\domains\wordpress\wp-content\plugins\elementor\core\base\document.php:962
Stack trace:
#0 D:\Programms\OSPanel\domains\wordpress\wp-content\plugins\astra-sites\inc\importers\batch-processing\class-astra-sites-batch-processing-elementor.php(122): Elementor\Core\Base\Document->get_elements_raw_data()
#1 D:\Programms\OSPanel\domains\wordpress\wp-content\plugins\astra-sites\inc\importers\batch-processing\class-astra-sites-batch-processing-elementor.php(66): Elementor\TemplateLibrary\Astra_Sites_Batch_Processing_Elementor->import_single_post()
#2 D:\Programms\OSPanel\domains\wordpress\wp-content\plugins\astra-sites\inc\importers\batch-processing\helpers\class-wp-background-process-astra.php(41): Elementor\TemplateLibrary\Astra_Sites_Batch_Processing_Elementor->import()
#3 D:\Programms\OSPanel\domains\wordpress\wp-content\plugins\woocommerce\includes\libraries\wp-background-process.php(301): WP_Background_Process_Astra->task()
#4 D:\Programms\OSPanel\domains\wordpress\wp-content\plugins\woocommerce\includes\libraries\wp-background-process.php(447): WP_Background_Process->handle()
#5 D:\Programms\OSPanel\domains\wordpress\wp-includes\class-wp-hook.php(310): WP_Background_Process->handle_cron_healthcheck()
#6 D:\Programms\OSPanel\domains\wordpress\wp-includes\class-wp-hook.php(334): WP_Hook->apply_filters()
#7 D:\Programms\OSPanel\domains\wordpress\wp-includes\plugin.php(565): WP_Hook->do_action()
#8 D:\Programms\OSPanel\domains\wordpress\wp-cron.php(191): do_action_ref_array()
#9 {main}
  thrown in D:\Programms\OSPanel\domains\wordpress\wp-content\plugins\elementor\core\base\document.php on line 962

2023-08-17T05:17:54+00:00 CRITICAL Uncaught Exception: Invalid data: {"data":["Array","Array","Array","Array"],"element":"Array"} in D:\Programms\OSPanel\domains\wordpress\wp-content\plugins\elementor\core\base\document.php:962
Stack trace:
#0 D:\Programms\OSPanel\domains\wordpress\wp-content\plugins\astra-sites\inc\importers\batch-processing\class-astra-sites-batch-processing-elementor.php(122): Elementor\Core\Base\Document->get_elements_raw_data()
#1 D:\Programms\OSPanel\domains\wordpress\wp-content\plugins\astra-sites\inc\importers\batch-processing\class-astra-sites-batch-processing-elementor.php(66): Elementor\TemplateLibrary\Astra_Sites_Batch_Processing_Elementor->import_single_post()
#2 D:\Programms\OSPanel\domains\wordpress\wp-content\plugins\astra-sites\inc\importers\batch-processing\helpers\class-wp-background-process-astra.php(41): Elementor\TemplateLibrary\Astra_Sites_Batch_Processing_Elementor->import()
#3 D:\Programms\OSPanel\domains\wordpress\wp-content\plugins\woocommerce\includes\libraries\wp-background-process.php(301): WP_Background_Process_Astra->task()
#4 D:\Programms\OSPanel\domains\wordpress\wp-content\plugins\woocommerce\includes\libraries\wp-background-process.php(447): WP_Background_Process->handle()
#5 D:\Programms\OSPanel\domains\wordpress\wp-includes\class-wp-hook.php(310): WP_Background_Process->handle_cron_healthcheck()
#6 D:\Programms\OSPanel\domains\wordpress\wp-includes\class-wp-hook.php(334): WP_Hook->apply_filters()
#7 D:\Programms\OSPanel\domains\wordpress\wp-includes\plugin.php(565): WP_Hook->do_action()
#8 D:\Programms\OSPanel\domains\wordpress\wp-cron.php(191): do_action_ref_array()
#9 {main}
  thrown in D:\Programms\OSPanel\domains\wordpress\wp-content\plugins\elementor\core\base\document.php on line 962

2023-08-17T05:47:16+00:00 CRITICAL Uncaught Exception: Invalid data: {"data":["Array","Array","Array","Array"],"element":"Array"} in D:\Programms\OSPanel\domains\wordpress\wp-content\plugins\elementor\core\base\document.php:962
Stack trace:
#0 D:\Programms\OSPanel\domains\wordpress\wp-content\plugins\astra-sites\inc\importers\batch-processing\class-astra-sites-batch-processing-elementor.php(122): Elementor\Core\Base\Document->get_elements_raw_data()
#1 D:\Programms\OSPanel\domains\wordpress\wp-content\plugins\astra-sites\inc\importers\batch-processing\class-astra-sites-batch-processing-elementor.php(66): Elementor\TemplateLibrary\Astra_Sites_Batch_Processing_Elementor->import_single_post()
#2 D:\Programms\OSPanel\domains\wordpress\wp-content\plugins\astra-sites\inc\importers\batch-processing\helpers\class-wp-background-process-astra.php(41): Elementor\TemplateLibrary\Astra_Sites_Batch_Processing_Elementor->import()
#3 D:\Programms\OSPanel\domains\wordpress\wp-content\plugins\woocommerce\includes\libraries\wp-background-process.php(301): WP_Background_Process_Astra->task()
#4 D:\Programms\OSPanel\domains\wordpress\wp-content\plugins\woocommerce\includes\libraries\wp-background-process.php(447): WP_Background_Process->handle()
#5 D:\Programms\OSPanel\domains\wordpress\wp-includes\class-wp-hook.php(310): WP_Background_Process->handle_cron_healthcheck()
#6 D:\Programms\OSPanel\domains\wordpress\wp-includes\class-wp-hook.php(334): WP_Hook->apply_filters()
#7 D:\Programms\OSPanel\domains\wordpress\wp-includes\plugin.php(565): WP_Hook->do_action()
#8 D:\Programms\OSPanel\domains\wordpress\wp-cron.php(191): do_action_ref_array()
#9 {main}
  thrown in D:\Programms\OSPanel\domains\wordpress\wp-content\plugins\elementor\core\base\document.php on line 962

2023-08-17T05:49:15+00:00 CRITICAL Uncaught Exception: Invalid data: {"data":["Array","Array","Array","Array"],"element":"Array"} in D:\Programms\OSPanel\domains\wordpress\wp-content\plugins\elementor\core\base\document.php:962
Stack trace:
#0 D:\Programms\OSPanel\domains\wordpress\wp-content\plugins\astra-sites\inc\importers\batch-processing\class-astra-sites-batch-processing-elementor.php(122): Elementor\Core\Base\Document->get_elements_raw_data()
#1 D:\Programms\OSPanel\domains\wordpress\wp-content\plugins\astra-sites\inc\importers\batch-processing\class-astra-sites-batch-processing-elementor.php(66): Elementor\TemplateLibrary\Astra_Sites_Batch_Processing_Elementor->import_single_post()
#2 D:\Programms\OSPanel\domains\wordpress\wp-content\plugins\astra-sites\inc\importers\batch-processing\helpers\class-wp-background-process-astra.php(41): Elementor\TemplateLibrary\Astra_Sites_Batch_Processing_Elementor->import()
#3 D:\Programms\OSPanel\domains\wordpress\wp-content\plugins\woocommerce\includes\libraries\wp-background-process.php(301): WP_Background_Process_Astra->task()
#4 D:\Programms\OSPanel\domains\wordpress\wp-content\plugins\woocommerce\includes\libraries\wp-background-process.php(447): WP_Background_Process->handle()
#5 D:\Programms\OSPanel\domains\wordpress\wp-includes\class-wp-hook.php(310): WP_Background_Process->handle_cron_healthcheck()
#6 D:\Programms\OSPanel\domains\wordpress\wp-includes\class-wp-hook.php(334): WP_Hook->apply_filters()
#7 D:\Programms\OSPanel\domains\wordpress\wp-includes\plugin.php(565): WP_Hook->do_action()
#8 D:\Programms\OSPanel\domains\wordpress\wp-cron.php(191): do_action_ref_array()
#9 {main}
  thrown in D:\Programms\OSPanel\domains\wordpress\wp-content\plugins\elementor\core\base\document.php on line 962

2023-08-17T05:52:43+00:00 CRITICAL Uncaught Exception: Invalid data: {"data":["Array","Array","Array","Array"],"element":"Array"} in D:\Programms\OSPanel\domains\wordpress\wp-content\plugins\elementor\core\base\document.php:962
Stack trace:
#0 D:\Programms\OSPanel\domains\wordpress\wp-content\plugins\astra-sites\inc\importers\batch-processing\class-astra-sites-batch-processing-elementor.php(122): Elementor\Core\Base\Document->get_elements_raw_data()
#1 D:\Programms\OSPanel\domains\wordpress\wp-content\plugins\astra-sites\inc\importers\batch-processing\class-astra-sites-batch-processing-elementor.php(66): Elementor\TemplateLibrary\Astra_Sites_Batch_Processing_Elementor->import_single_post()
#2 D:\Programms\OSPanel\domains\wordpress\wp-content\plugins\astra-sites\inc\importers\batch-processing\helpers\class-wp-background-process-astra.php(41): Elementor\TemplateLibrary\Astra_Sites_Batch_Processing_Elementor->import()
#3 D:\Programms\OSPanel\domains\wordpress\wp-content\plugins\woocommerce\includes\libraries\wp-background-process.php(301): WP_Background_Process_Astra->task()
#4 D:\Programms\OSPanel\domains\wordpress\wp-content\plugins\woocommerce\includes\libraries\wp-background-process.php(447): WP_Background_Process->handle()
#5 D:\Programms\OSPanel\domains\wordpress\wp-includes\class-wp-hook.php(310): WP_Background_Process->handle_cron_healthcheck()
#6 D:\Programms\OSPanel\domains\wordpress\wp-includes\class-wp-hook.php(334): WP_Hook->apply_filters()
#7 D:\Programms\OSPanel\domains\wordpress\wp-includes\plugin.php(565): WP_Hook->do_action()
#8 D:\Programms\OSPanel\domains\wordpress\wp-cron.php(191): do_action_ref_array()
#9 {main}
  thrown in D:\Programms\OSPanel\domains\wordpress\wp-content\plugins\elementor\core\base\document.php on line 962

2023-08-17T05:57:45+00:00 CRITICAL Uncaught Exception: Invalid data: {"data":["Array","Array","Array","Array"],"element":"Array"} in D:\Programms\OSPanel\domains\wordpress\wp-content\plugins\elementor\core\base\document.php:962
Stack trace:
#0 D:\Programms\OSPanel\domains\wordpress\wp-content\plugins\astra-sites\inc\importers\batch-processing\class-astra-sites-batch-processing-elementor.php(122): Elementor\Core\Base\Document->get_elements_raw_data()
#1 D:\Programms\OSPanel\domains\wordpress\wp-content\plugins\astra-sites\inc\importers\batch-processing\class-astra-sites-batch-processing-elementor.php(66): Elementor\TemplateLibrary\Astra_Sites_Batch_Processing_Elementor->import_single_post()
#2 D:\Programms\OSPanel\domains\wordpress\wp-content\plugins\astra-sites\inc\importers\batch-processing\helpers\class-wp-background-process-astra.php(41): Elementor\TemplateLibrary\Astra_Sites_Batch_Processing_Elementor->import()
#3 D:\Programms\OSPanel\domains\wordpress\wp-content\plugins\woocommerce\includes\libraries\wp-background-process.php(301): WP_Background_Process_Astra->task()
#4 D:\Programms\OSPanel\domains\wordpress\wp-content\plugins\woocommerce\includes\libraries\wp-background-process.php(447): WP_Background_Process->handle()
#5 D:\Programms\OSPanel\domains\wordpress\wp-includes\class-wp-hook.php(310): WP_Background_Process->handle_cron_healthcheck()
#6 D:\Programms\OSPanel\domains\wordpress\wp-includes\class-wp-hook.php(334): WP_Hook->apply_filters()
#7 D:\Programms\OSPanel\domains\wordpress\wp-includes\plugin.php(565): WP_Hook->do_action()
#8 D:\Programms\OSPanel\domains\wordpress\wp-cron.php(191): do_action_ref_array()
#9 {main}
  thrown in D:\Programms\OSPanel\domains\wordpress\wp-content\plugins\elementor\core\base\document.php on line 962

2023-08-17T06:03:15+00:00 CRITICAL Uncaught Exception: Invalid data: {"data":["Array","Array","Array","Array"],"element":"Array"} in D:\Programms\OSPanel\domains\wordpress\wp-content\plugins\elementor\core\base\document.php:962
Stack trace:
#0 D:\Programms\OSPanel\domains\wordpress\wp-content\plugins\astra-sites\inc\importers\batch-processing\class-astra-sites-batch-processing-elementor.php(122): Elementor\Core\Base\Document->get_elements_raw_data()
#1 D:\Programms\OSPanel\domains\wordpress\wp-content\plugins\astra-sites\inc\importers\batch-processing\class-astra-sites-batch-processing-elementor.php(66): Elementor\TemplateLibrary\Astra_Sites_Batch_Processing_Elementor->import_single_post()
#2 D:\Programms\OSPanel\domains\wordpress\wp-content\plugins\astra-sites\inc\importers\batch-processing\helpers\class-wp-background-process-astra.php(41): Elementor\TemplateLibrary\Astra_Sites_Batch_Processing_Elementor->import()
#3 D:\Programms\OSPanel\domains\wordpress\wp-content\plugins\woocommerce\includes\libraries\wp-background-process.php(301): WP_Background_Process_Astra->task()
#4 D:\Programms\OSPanel\domains\wordpress\wp-content\plugins\woocommerce\includes\libraries\wp-background-process.php(447): WP_Background_Process->handle()
#5 D:\Programms\OSPanel\domains\wordpress\wp-includes\class-wp-hook.php(310): WP_Background_Process->handle_cron_healthcheck()
#6 D:\Programms\OSPanel\domains\wordpress\wp-includes\class-wp-hook.php(334): WP_Hook->apply_filters()
#7 D:\Programms\OSPanel\domains\wordpress\wp-includes\plugin.php(565): WP_Hook->do_action()
#8 D:\Programms\OSPanel\domains\wordpress\wp-cron.php(191): do_action_ref_array()
#9 {main}
  thrown in D:\Programms\OSPanel\domains\wordpress\wp-content\plugins\elementor\core\base\document.php on line 962

2023-08-17T06:07:50+00:00 CRITICAL Uncaught Exception: Invalid data: {"data":["Array","Array","Array","Array"],"element":"Array"} in D:\Programms\OSPanel\domains\wordpress\wp-content\plugins\elementor\core\base\document.php:962
Stack trace:
#0 D:\Programms\OSPanel\domains\wordpress\wp-content\plugins\astra-sites\inc\importers\batch-processing\class-astra-sites-batch-processing-elementor.php(122): Elementor\Core\Base\Document->get_elements_raw_data()
#1 D:\Programms\OSPanel\domains\wordpress\wp-content\plugins\astra-sites\inc\importers\batch-processing\class-astra-sites-batch-processing-elementor.php(66): Elementor\TemplateLibrary\Astra_Sites_Batch_Processing_Elementor->import_single_post()
#2 D:\Programms\OSPanel\domains\wordpress\wp-content\plugins\astra-sites\inc\importers\batch-processing\helpers\class-wp-background-process-astra.php(41): Elementor\TemplateLibrary\Astra_Sites_Batch_Processing_Elementor->import()
#3 D:\Programms\OSPanel\domains\wordpress\wp-content\plugins\woocommerce\includes\libraries\wp-background-process.php(301): WP_Background_Process_Astra->task()
#4 D:\Programms\OSPanel\domains\wordpress\wp-content\plugins\woocommerce\includes\libraries\wp-background-process.php(447): WP_Background_Process->handle()
#5 D:\Programms\OSPanel\domains\wordpress\wp-includes\class-wp-hook.php(310): WP_Background_Process->handle_cron_healthcheck()
#6 D:\Programms\OSPanel\domains\wordpress\wp-includes\class-wp-hook.php(334): WP_Hook->apply_filters()
#7 D:\Programms\OSPanel\domains\wordpress\wp-includes\plugin.php(565): WP_Hook->do_action()
#8 D:\Programms\OSPanel\domains\wordpress\wp-cron.php(191): do_action_ref_array()
#9 {main}
  thrown in D:\Programms\OSPanel\domains\wordpress\wp-content\plugins\elementor\core\base\document.php on line 962

2023-08-17T06:13:16+00:00 CRITICAL Uncaught Exception: Invalid data: {"data":["Array","Array","Array","Array"],"element":"Array"} in D:\Programms\OSPanel\domains\wordpress\wp-content\plugins\elementor\core\base\document.php:962
Stack trace:
#0 D:\Programms\OSPanel\domains\wordpress\wp-content\plugins\astra-sites\inc\importers\batch-processing\class-astra-sites-batch-processing-elementor.php(122): Elementor\Core\Base\Document->get_elements_raw_data()
#1 D:\Programms\OSPanel\domains\wordpress\wp-content\plugins\astra-sites\inc\importers\batch-processing\class-astra-sites-batch-processing-elementor.php(66): Elementor\TemplateLibrary\Astra_Sites_Batch_Processing_Elementor->import_single_post()
#2 D:\Programms\OSPanel\domains\wordpress\wp-content\plugins\astra-sites\inc\importers\batch-processing\helpers\class-wp-background-process-astra.php(41): Elementor\TemplateLibrary\Astra_Sites_Batch_Processing_Elementor->import()
#3 D:\Programms\OSPanel\domains\wordpress\wp-content\plugins\woocommerce\includes\libraries\wp-background-process.php(301): WP_Background_Process_Astra->task()
#4 D:\Programms\OSPanel\domains\wordpress\wp-content\plugins\woocommerce\includes\libraries\wp-background-process.php(447): WP_Background_Process->handle()
#5 D:\Programms\OSPanel\domains\wordpress\wp-includes\class-wp-hook.php(310): WP_Background_Process->handle_cron_healthcheck()
#6 D:\Programms\OSPanel\domains\wordpress\wp-includes\class-wp-hook.php(334): WP_Hook->apply_filters()
#7 D:\Programms\OSPanel\domains\wordpress\wp-includes\plugin.php(565): WP_Hook->do_action()
#8 D:\Programms\OSPanel\domains\wordpress\wp-cron.php(191): do_action_ref_array()
#9 {main}
  thrown in D:\Programms\OSPanel\domains\wordpress\wp-content\plugins\elementor\core\base\document.php on line 962

2023-08-17T06:17:46+00:00 CRITICAL Uncaught Exception: Invalid data: {"data":["Array","Array","Array","Array"],"element":"Array"} in D:\Programms\OSPanel\domains\wordpress\wp-content\plugins\elementor\core\base\document.php:962
Stack trace:
#0 D:\Programms\OSPanel\domains\wordpress\wp-content\plugins\astra-sites\inc\importers\batch-processing\class-astra-sites-batch-processing-elementor.php(122): Elementor\Core\Base\Document->get_elements_raw_data()
#1 D:\Programms\OSPanel\domains\wordpress\wp-content\plugins\astra-sites\inc\importers\batch-processing\class-astra-sites-batch-processing-elementor.php(66): Elementor\TemplateLibrary\Astra_Sites_Batch_Processing_Elementor->import_single_post()
#2 D:\Programms\OSPanel\domains\wordpress\wp-content\plugins\astra-sites\inc\importers\batch-processing\helpers\class-wp-background-process-astra.php(41): Elementor\TemplateLibrary\Astra_Sites_Batch_Processing_Elementor->import()
#3 D:\Programms\OSPanel\domains\wordpress\wp-content\plugins\woocommerce\includes\libraries\wp-background-process.php(301): WP_Background_Process_Astra->task()
#4 D:\Programms\OSPanel\domains\wordpress\wp-content\plugins\woocommerce\includes\libraries\wp-background-process.php(447): WP_Background_Process->handle()
#5 D:\Programms\OSPanel\domains\wordpress\wp-includes\class-wp-hook.php(310): WP_Background_Process->handle_cron_healthcheck()
#6 D:\Programms\OSPanel\domains\wordpress\wp-includes\class-wp-hook.php(334): WP_Hook->apply_filters()
#7 D:\Programms\OSPanel\domains\wordpress\wp-includes\plugin.php(565): WP_Hook->do_action()
#8 D:\Programms\OSPanel\domains\wordpress\wp-cron.php(191): do_action_ref_array()
#9 {main}
  thrown in D:\Programms\OSPanel\domains\wordpress\wp-content\plugins\elementor\core\base\document.php on line 962

2023-08-17T06:23:05+00:00 CRITICAL Uncaught Exception: Invalid data: {"data":["Array","Array","Array","Array"],"element":"Array"} in D:\Programms\OSPanel\domains\wordpress\wp-content\plugins\elementor\core\base\document.php:962
Stack trace:
#0 D:\Programms\OSPanel\domains\wordpress\wp-content\plugins\astra-sites\inc\importers\batch-processing\class-astra-sites-batch-processing-elementor.php(122): Elementor\Core\Base\Document->get_elements_raw_data()
#1 D:\Programms\OSPanel\domains\wordpress\wp-content\plugins\astra-sites\inc\importers\batch-processing\class-astra-sites-batch-processing-elementor.php(66): Elementor\TemplateLibrary\Astra_Sites_Batch_Processing_Elementor->import_single_post()
#2 D:\Programms\OSPanel\domains\wordpress\wp-content\plugins\astra-sites\inc\importers\batch-processing\helpers\class-wp-background-process-astra.php(41): Elementor\TemplateLibrary\Astra_Sites_Batch_Processing_Elementor->import()
#3 D:\Programms\OSPanel\domains\wordpress\wp-content\plugins\woocommerce\includes\libraries\wp-background-process.php(301): WP_Background_Process_Astra->task()
#4 D:\Programms\OSPanel\domains\wordpress\wp-content\plugins\woocommerce\includes\libraries\wp-background-process.php(447): WP_Background_Process->handle()
#5 D:\Programms\OSPanel\domains\wordpress\wp-includes\class-wp-hook.php(310): WP_Background_Process->handle_cron_healthcheck()
#6 D:\Programms\OSPanel\domains\wordpress\wp-includes\class-wp-hook.php(334): WP_Hook->apply_filters()
#7 D:\Programms\OSPanel\domains\wordpress\wp-includes\plugin.php(565): WP_Hook->do_action()
#8 D:\Programms\OSPanel\domains\wordpress\wp-cron.php(191): do_action_ref_array()
#9 {main}
  thrown in D:\Programms\OSPanel\domains\wordpress\wp-content\plugins\elementor\core\base\document.php on line 962

2023-08-17T06:27:42+00:00 CRITICAL Uncaught Exception: Invalid data: {"data":["Array","Array","Array","Array"],"element":"Array"} in D:\Programms\OSPanel\domains\wordpress\wp-content\plugins\elementor\core\base\document.php:962
Stack trace:
#0 D:\Programms\OSPanel\domains\wordpress\wp-content\plugins\astra-sites\inc\importers\batch-processing\class-astra-sites-batch-processing-elementor.php(122): Elementor\Core\Base\Document->get_elements_raw_data()
#1 D:\Programms\OSPanel\domains\wordpress\wp-content\plugins\astra-sites\inc\importers\batch-processing\class-astra-sites-batch-processing-elementor.php(66): Elementor\TemplateLibrary\Astra_Sites_Batch_Processing_Elementor->import_single_post()
#2 D:\Programms\OSPanel\domains\wordpress\wp-content\plugins\astra-sites\inc\importers\batch-processing\helpers\class-wp-background-process-astra.php(41): Elementor\TemplateLibrary\Astra_Sites_Batch_Processing_Elementor->import()
#3 D:\Programms\OSPanel\domains\wordpress\wp-content\plugins\woocommerce\includes\libraries\wp-background-process.php(301): WP_Background_Process_Astra->task()
#4 D:\Programms\OSPanel\domains\wordpress\wp-content\plugins\woocommerce\includes\libraries\wp-background-process.php(447): WP_Background_Process->handle()
#5 D:\Programms\OSPanel\domains\wordpress\wp-includes\class-wp-hook.php(310): WP_Background_Process->handle_cron_healthcheck()
#6 D:\Programms\OSPanel\domains\wordpress\wp-includes\class-wp-hook.php(334): WP_Hook->apply_filters()
#7 D:\Programms\OSPanel\domains\wordpress\wp-includes\plugin.php(565): WP_Hook->do_action()
#8 D:\Programms\OSPanel\domains\wordpress\wp-cron.php(191): do_action_ref_array()
#9 {main}
  thrown in D:\Programms\OSPanel\domains\wordpress\wp-content\plugins\elementor\core\base\document.php on line 962

2023-08-17T06:29:50+00:00 CRITICAL Maximum execution time of 60 seconds exceeded in D:\Programms\OSPanel\domains\wordpress\wp-content\plugins\smart-slider-3\Nextend\Framework\FastImageSize\FastImageSize.php on line 190

2023-08-17T06:35:37+00:00 CRITICAL Uncaught Exception: Invalid data: {"data":["Array","Array","Array","Array"],"element":"Array"} in D:\Programms\OSPanel\domains\wordpress\wp-content\plugins\elementor\core\base\document.php:962
Stack trace:
#0 D:\Programms\OSPanel\domains\wordpress\wp-content\plugins\astra-sites\inc\importers\batch-processing\class-astra-sites-batch-processing-elementor.php(122): Elementor\Core\Base\Document->get_elements_raw_data()
#1 D:\Programms\OSPanel\domains\wordpress\wp-content\plugins\astra-sites\inc\importers\batch-processing\class-astra-sites-batch-processing-elementor.php(66): Elementor\TemplateLibrary\Astra_Sites_Batch_Processing_Elementor->import_single_post()
#2 D:\Programms\OSPanel\domains\wordpress\wp-content\plugins\astra-sites\inc\importers\batch-processing\helpers\class-wp-background-process-astra.php(41): Elementor\TemplateLibrary\Astra_Sites_Batch_Processing_Elementor->import()
#3 D:\Programms\OSPanel\domains\wordpress\wp-content\plugins\woocommerce\includes\libraries\wp-background-process.php(301): WP_Background_Process_Astra->task()
#4 D:\Programms\OSPanel\domains\wordpress\wp-content\plugins\woocommerce\includes\libraries\wp-background-process.php(447): WP_Background_Process->handle()
#5 D:\Programms\OSPanel\domains\wordpress\wp-includes\class-wp-hook.php(310): WP_Background_Process->handle_cron_healthcheck()
#6 D:\Programms\OSPanel\domains\wordpress\wp-includes\class-wp-hook.php(334): WP_Hook->apply_filters()
#7 D:\Programms\OSPanel\domains\wordpress\wp-includes\plugin.php(565): WP_Hook->do_action()
#8 D:\Programms\OSPanel\domains\wordpress\wp-cron.php(191): do_action_ref_array()
#9 {main}
  thrown in D:\Programms\OSPanel\domains\wordpress\wp-content\plugins\elementor\core\base\document.php on line 962

2023-08-17T06:36:42+00:00 CRITICAL Maximum execution time of 60 seconds exceeded in D:\Programms\OSPanel\domains\wordpress\wp-content\plugins\smart-slider-3\Nextend\Framework\FastImageSize\FastImageSize.php on line 190

2023-08-17T06:38:39+00:00 CRITICAL Uncaught Exception: Invalid data: {"data":["Array","Array","Array","Array"],"element":"Array"} in D:\Programms\OSPanel\domains\wordpress\wp-content\plugins\elementor\core\base\document.php:962
Stack trace:
#0 D:\Programms\OSPanel\domains\wordpress\wp-content\plugins\astra-sites\inc\importers\batch-processing\class-astra-sites-batch-processing-elementor.php(122): Elementor\Core\Base\Document->get_elements_raw_data()
#1 D:\Programms\OSPanel\domains\wordpress\wp-content\plugins\astra-sites\inc\importers\batch-processing\class-astra-sites-batch-processing-elementor.php(66): Elementor\TemplateLibrary\Astra_Sites_Batch_Processing_Elementor->import_single_post()
#2 D:\Programms\OSPanel\domains\wordpress\wp-content\plugins\astra-sites\inc\importers\batch-processing\helpers\class-wp-background-process-astra.php(41): Elementor\TemplateLibrary\Astra_Sites_Batch_Processing_Elementor->import()
#3 D:\Programms\OSPanel\domains\wordpress\wp-content\plugins\woocommerce\includes\libraries\wp-background-process.php(301): WP_Background_Process_Astra->task()
#4 D:\Programms\OSPanel\domains\wordpress\wp-content\plugins\woocommerce\includes\libraries\wp-background-process.php(447): WP_Background_Process->handle()
#5 D:\Programms\OSPanel\domains\wordpress\wp-includes\class-wp-hook.php(310): WP_Background_Process->handle_cron_healthcheck()
#6 D:\Programms\OSPanel\domains\wordpress\wp-includes\class-wp-hook.php(334): WP_Hook->apply_filters()
#7 D:\Programms\OSPanel\domains\wordpress\wp-includes\plugin.php(565): WP_Hook->do_action()
#8 D:\Programms\OSPanel\domains\wordpress\wp-cron.php(191): do_action_ref_array()
#9 {main}
  thrown in D:\Programms\OSPanel\domains\wordpress\wp-content\plugins\elementor\core\base\document.php on line 962

2023-08-17T06:42:41+00:00 CRITICAL Uncaught Exception: Invalid data: {"data":["Array","Array","Array","Array"],"element":"Array"} in D:\Programms\OSPanel\domains\wordpress\wp-content\plugins\elementor\core\base\document.php:962
Stack trace:
#0 D:\Programms\OSPanel\domains\wordpress\wp-content\plugins\astra-sites\inc\importers\batch-processing\class-astra-sites-batch-processing-elementor.php(122): Elementor\Core\Base\Document->get_elements_raw_data()
#1 D:\Programms\OSPanel\domains\wordpress\wp-content\plugins\astra-sites\inc\importers\batch-processing\class-astra-sites-batch-processing-elementor.php(66): Elementor\TemplateLibrary\Astra_Sites_Batch_Processing_Elementor->import_single_post()
#2 D:\Programms\OSPanel\domains\wordpress\wp-content\plugins\astra-sites\inc\importers\batch-processing\helpers\class-wp-background-process-astra.php(41): Elementor\TemplateLibrary\Astra_Sites_Batch_Processing_Elementor->import()
#3 D:\Programms\OSPanel\domains\wordpress\wp-content\plugins\woocommerce\includes\libraries\wp-background-process.php(301): WP_Background_Process_Astra->task()
#4 D:\Programms\OSPanel\domains\wordpress\wp-content\plugins\woocommerce\includes\libraries\wp-background-process.php(447): WP_Background_Process->handle()
#5 D:\Programms\OSPanel\domains\wordpress\wp-includes\class-wp-hook.php(310): WP_Background_Process->handle_cron_healthcheck()
#6 D:\Programms\OSPanel\domains\wordpress\wp-includes\class-wp-hook.php(334): WP_Hook->apply_filters()
#7 D:\Programms\OSPanel\domains\wordpress\wp-includes\plugin.php(565): WP_Hook->do_action()
#8 D:\Programms\OSPanel\domains\wordpress\wp-cron.php(191): do_action_ref_array()
#9 {main}
  thrown in D:\Programms\OSPanel\domains\wordpress\wp-content\plugins\elementor\core\base\document.php on line 962

2023-08-17T06:47:40+00:00 CRITICAL Uncaught Exception: Invalid data: {"data":["Array","Array","Array","Array"],"element":"Array"} in D:\Programms\OSPanel\domains\wordpress\wp-content\plugins\elementor\core\base\document.php:962
Stack trace:
#0 D:\Programms\OSPanel\domains\wordpress\wp-content\plugins\astra-sites\inc\importers\batch-processing\class-astra-sites-batch-processing-elementor.php(122): Elementor\Core\Base\Document->get_elements_raw_data()
#1 D:\Programms\OSPanel\domains\wordpress\wp-content\plugins\astra-sites\inc\importers\batch-processing\class-astra-sites-batch-processing-elementor.php(66): Elementor\TemplateLibrary\Astra_Sites_Batch_Processing_Elementor->import_single_post()
#2 D:\Programms\OSPanel\domains\wordpress\wp-content\plugins\astra-sites\inc\importers\batch-processing\helpers\class-wp-background-process-astra.php(41): Elementor\TemplateLibrary\Astra_Sites_Batch_Processing_Elementor->import()
#3 D:\Programms\OSPanel\domains\wordpress\wp-content\plugins\woocommerce\includes\libraries\wp-background-process.php(301): WP_Background_Process_Astra->task()
#4 D:\Programms\OSPanel\domains\wordpress\wp-content\plugins\woocommerce\includes\libraries\wp-background-process.php(447): WP_Background_Process->handle()
#5 D:\Programms\OSPanel\domains\wordpress\wp-includes\class-wp-hook.php(310): WP_Background_Process->handle_cron_healthcheck()
#6 D:\Programms\OSPanel\domains\wordpress\wp-includes\class-wp-hook.php(334): WP_Hook->apply_filters()
#7 D:\Programms\OSPanel\domains\wordpress\wp-includes\plugin.php(565): WP_Hook->do_action()
#8 D:\Programms\OSPanel\domains\wordpress\wp-cron.php(191): do_action_ref_array()
#9 {main}
  thrown in D:\Programms\OSPanel\domains\wordpress\wp-content\plugins\elementor\core\base\document.php on line 962

2023-08-17T06:53:30+00:00 CRITICAL Uncaught Exception: Invalid data: {"data":["Array","Array","Array","Array"],"element":"Array"} in D:\Programms\OSPanel\domains\wordpress\wp-content\plugins\elementor\core\base\document.php:962
Stack trace:
#0 D:\Programms\OSPanel\domains\wordpress\wp-content\plugins\astra-sites\inc\importers\batch-processing\class-astra-sites-batch-processing-elementor.php(122): Elementor\Core\Base\Document->get_elements_raw_data()
#1 D:\Programms\OSPanel\domains\wordpress\wp-content\plugins\astra-sites\inc\importers\batch-processing\class-astra-sites-batch-processing-elementor.php(66): Elementor\TemplateLibrary\Astra_Sites_Batch_Processing_Elementor->import_single_post()
#2 D:\Programms\OSPanel\domains\wordpress\wp-content\plugins\astra-sites\inc\importers\batch-processing\helpers\class-wp-background-process-astra.php(41): Elementor\TemplateLibrary\Astra_Sites_Batch_Processing_Elementor->import()
#3 D:\Programms\OSPanel\domains\wordpress\wp-content\plugins\woocommerce\includes\libraries\wp-background-process.php(301): WP_Background_Process_Astra->task()
#4 D:\Programms\OSPanel\domains\wordpress\wp-content\plugins\woocommerce\includes\libraries\wp-background-process.php(447): WP_Background_Process->handle()
#5 D:\Programms\OSPanel\domains\wordpress\wp-includes\class-wp-hook.php(310): WP_Background_Process->handle_cron_healthcheck()
#6 D:\Programms\OSPanel\domains\wordpress\wp-includes\class-wp-hook.php(334): WP_Hook->apply_filters()
#7 D:\Programms\OSPanel\domains\wordpress\wp-includes\plugin.php(565): WP_Hook->do_action()
#8 D:\Programms\OSPanel\domains\wordpress\wp-cron.php(191): do_action_ref_array()
#9 {main}
  thrown in D:\Programms\OSPanel\domains\wordpress\wp-content\plugins\elementor\core\base\document.php on line 962

2023-08-17T06:58:17+00:00 CRITICAL Uncaught Exception: Invalid data: {"data":["Array","Array","Array","Array"],"element":"Array"} in D:\Programms\OSPanel\domains\wordpress\wp-content\plugins\elementor\core\base\document.php:962
Stack trace:
#0 D:\Programms\OSPanel\domains\wordpress\wp-content\plugins\astra-sites\inc\importers\batch-processing\class-astra-sites-batch-processing-elementor.php(122): Elementor\Core\Base\Document->get_elements_raw_data()
#1 D:\Programms\OSPanel\domains\wordpress\wp-content\plugins\astra-sites\inc\importers\batch-processing\class-astra-sites-batch-processing-elementor.php(66): Elementor\TemplateLibrary\Astra_Sites_Batch_Processing_Elementor->import_single_post()
#2 D:\Programms\OSPanel\domains\wordpress\wp-content\plugins\astra-sites\inc\importers\batch-processing\helpers\class-wp-background-process-astra.php(41): Elementor\TemplateLibrary\Astra_Sites_Batch_Processing_Elementor->import()
#3 D:\Programms\OSPanel\domains\wordpress\wp-content\plugins\woocommerce\includes\libraries\wp-background-process.php(301): WP_Background_Process_Astra->task()
#4 D:\Programms\OSPanel\domains\wordpress\wp-content\plugins\woocommerce\includes\libraries\wp-background-process.php(447): WP_Background_Process->handle()
#5 D:\Programms\OSPanel\domains\wordpress\wp-includes\class-wp-hook.php(310): WP_Background_Process->handle_cron_healthcheck()
#6 D:\Programms\OSPanel\domains\wordpress\wp-includes\class-wp-hook.php(334): WP_Hook->apply_filters()
#7 D:\Programms\OSPanel\domains\wordpress\wp-includes\plugin.php(565): WP_Hook->do_action()
#8 D:\Programms\OSPanel\domains\wordpress\wp-cron.php(191): do_action_ref_array()
#9 {main}
  thrown in D:\Programms\OSPanel\domains\wordpress\wp-content\plugins\elementor\core\base\document.php on line 962

2023-08-17T07:11:05+00:00 CRITICAL Uncaught Exception: Invalid data: {"data":["Array","Array","Array","Array"],"element":"Array"} in D:\Programms\OSPanel\domains\wordpress\wp-content\plugins\elementor\core\base\document.php:962
Stack trace:
#0 D:\Programms\OSPanel\domains\wordpress\wp-content\plugins\astra-sites\inc\importers\batch-processing\class-astra-sites-batch-processing-elementor.php(122): Elementor\Core\Base\Document->get_elements_raw_data()
#1 D:\Programms\OSPanel\domains\wordpress\wp-content\plugins\astra-sites\inc\importers\batch-processing\class-astra-sites-batch-processing-elementor.php(66): Elementor\TemplateLibrary\Astra_Sites_Batch_Processing_Elementor->import_single_post()
#2 D:\Programms\OSPanel\domains\wordpress\wp-content\plugins\astra-sites\inc\importers\batch-processing\helpers\class-wp-background-process-astra.php(41): Elementor\TemplateLibrary\Astra_Sites_Batch_Processing_Elementor->import()
#3 D:\Programms\OSPanel\domains\wordpress\wp-content\plugins\woocommerce\includes\libraries\wp-background-process.php(301): WP_Background_Process_Astra->task()
#4 D:\Programms\OSPanel\domains\wordpress\wp-content\plugins\woocommerce\includes\libraries\wp-background-process.php(447): WP_Background_Process->handle()
#5 D:\Programms\OSPanel\domains\wordpress\wp-includes\class-wp-hook.php(310): WP_Background_Process->handle_cron_healthcheck()
#6 D:\Programms\OSPanel\domains\wordpress\wp-includes\class-wp-hook.php(334): WP_Hook->apply_filters()
#7 D:\Programms\OSPanel\domains\wordpress\wp-includes\plugin.php(565): WP_Hook->do_action()
#8 D:\Programms\OSPanel\domains\wordpress\wp-cron.php(191): do_action_ref_array()
#9 {main}
  thrown in D:\Programms\OSPanel\domains\wordpress\wp-content\plugins\elementor\core\base\document.php on line 962

2023-08-17T07:13:23+00:00 CRITICAL Uncaught Exception: Invalid data: {"data":["Array","Array","Array","Array"],"element":"Array"} in D:\Programms\OSPanel\domains\wordpress\wp-content\plugins\elementor\core\base\document.php:962
Stack trace:
#0 D:\Programms\OSPanel\domains\wordpress\wp-content\plugins\astra-sites\inc\importers\batch-processing\class-astra-sites-batch-processing-elementor.php(122): Elementor\Core\Base\Document->get_elements_raw_data()
#1 D:\Programms\OSPanel\domains\wordpress\wp-content\plugins\astra-sites\inc\importers\batch-processing\class-astra-sites-batch-processing-elementor.php(66): Elementor\TemplateLibrary\Astra_Sites_Batch_Processing_Elementor->import_single_post()
#2 D:\Programms\OSPanel\domains\wordpress\wp-content\plugins\astra-sites\inc\importers\batch-processing\helpers\class-wp-background-process-astra.php(41): Elementor\TemplateLibrary\Astra_Sites_Batch_Processing_Elementor->import()
#3 D:\Programms\OSPanel\domains\wordpress\wp-content\plugins\woocommerce\includes\libraries\wp-background-process.php(301): WP_Background_Process_Astra->task()
#4 D:\Programms\OSPanel\domains\wordpress\wp-content\plugins\woocommerce\includes\libraries\wp-background-process.php(447): WP_Background_Process->handle()
#5 D:\Programms\OSPanel\domains\wordpress\wp-includes\class-wp-hook.php(310): WP_Background_Process->handle_cron_healthcheck()
#6 D:\Programms\OSPanel\domains\wordpress\wp-includes\class-wp-hook.php(334): WP_Hook->apply_filters()
#7 D:\Programms\OSPanel\domains\wordpress\wp-includes\plugin.php(565): WP_Hook->do_action()
#8 D:\Programms\OSPanel\domains\wordpress\wp-cron.php(191): do_action_ref_array()
#9 {main}
  thrown in D:\Programms\OSPanel\domains\wordpress\wp-content\plugins\elementor\core\base\document.php on line 962

2023-08-17T07:19:25+00:00 CRITICAL Uncaught Exception: Invalid data: {"data":["Array","Array","Array","Array"],"element":"Array"} in D:\Programms\OSPanel\domains\wordpress\wp-content\plugins\elementor\core\base\document.php:962
Stack trace:
#0 D:\Programms\OSPanel\domains\wordpress\wp-content\plugins\astra-sites\inc\importers\batch-processing\class-astra-sites-batch-processing-elementor.php(122): Elementor\Core\Base\Document->get_elements_raw_data()
#1 D:\Programms\OSPanel\domains\wordpress\wp-content\plugins\astra-sites\inc\importers\batch-processing\class-astra-sites-batch-processing-elementor.php(66): Elementor\TemplateLibrary\Astra_Sites_Batch_Processing_Elementor->import_single_post()
#2 D:\Programms\OSPanel\domains\wordpress\wp-content\plugins\astra-sites\inc\importers\batch-processing\helpers\class-wp-background-process-astra.php(41): Elementor\TemplateLibrary\Astra_Sites_Batch_Processing_Elementor->import()
#3 D:\Programms\OSPanel\domains\wordpress\wp-content\plugins\woocommerce\includes\libraries\wp-background-process.php(301): WP_Background_Process_Astra->task()
#4 D:\Programms\OSPanel\domains\wordpress\wp-content\plugins\woocommerce\includes\libraries\wp-background-process.php(447): WP_Background_Process->handle()
#5 D:\Programms\OSPanel\domains\wordpress\wp-includes\class-wp-hook.php(310): WP_Background_Process->handle_cron_healthcheck()
#6 D:\Programms\OSPanel\domains\wordpress\wp-includes\class-wp-hook.php(334): WP_Hook->apply_filters()
#7 D:\Programms\OSPanel\domains\wordpress\wp-includes\plugin.php(565): WP_Hook->do_action()
#8 D:\Programms\OSPanel\domains\wordpress\wp-cron.php(191): do_action_ref_array()
#9 {main}
  thrown in D:\Programms\OSPanel\domains\wordpress\wp-content\plugins\elementor\core\base\document.php on line 962

2023-08-17T07:23:27+00:00 CRITICAL Uncaught Exception: Invalid data: {"data":["Array","Array","Array","Array"],"element":"Array"} in D:\Programms\OSPanel\domains\wordpress\wp-content\plugins\elementor\core\base\document.php:962
Stack trace:
#0 D:\Programms\OSPanel\domains\wordpress\wp-content\plugins\astra-sites\inc\importers\batch-processing\class-astra-sites-batch-processing-elementor.php(122): Elementor\Core\Base\Document->get_elements_raw_data()
#1 D:\Programms\OSPanel\domains\wordpress\wp-content\plugins\astra-sites\inc\importers\batch-processing\class-astra-sites-batch-processing-elementor.php(66): Elementor\TemplateLibrary\Astra_Sites_Batch_Processing_Elementor->import_single_post()
#2 D:\Programms\OSPanel\domains\wordpress\wp-content\plugins\astra-sites\inc\importers\batch-processing\helpers\class-wp-background-process-astra.php(41): Elementor\TemplateLibrary\Astra_Sites_Batch_Processing_Elementor->import()
#3 D:\Programms\OSPanel\domains\wordpress\wp-content\plugins\woocommerce\includes\libraries\wp-background-process.php(301): WP_Background_Process_Astra->task()
#4 D:\Programms\OSPanel\domains\wordpress\wp-content\plugins\woocommerce\includes\libraries\wp-background-process.php(447): WP_Background_Process->handle()
#5 D:\Programms\OSPanel\domains\wordpress\wp-includes\class-wp-hook.php(310): WP_Background_Process->handle_cron_healthcheck()
#6 D:\Programms\OSPanel\domains\wordpress\wp-includes\class-wp-hook.php(334): WP_Hook->apply_filters()
#7 D:\Programms\OSPanel\domains\wordpress\wp-includes\plugin.php(565): WP_Hook->do_action()
#8 D:\Programms\OSPanel\domains\wordpress\wp-cron.php(191): do_action_ref_array()
#9 {main}
  thrown in D:\Programms\OSPanel\domains\wordpress\wp-content\plugins\elementor\core\base\document.php on line 962

2023-08-17T07:27:46+00:00 CRITICAL Uncaught Exception: Invalid data: {"data":["Array","Array","Array","Array"],"element":"Array"} in D:\Programms\OSPanel\domains\wordpress\wp-content\plugins\elementor\core\base\document.php:962
Stack trace:
#0 D:\Programms\OSPanel\domains\wordpress\wp-content\plugins\astra-sites\inc\importers\batch-processing\class-astra-sites-batch-processing-elementor.php(122): Elementor\Core\Base\Document->get_elements_raw_data()
#1 D:\Programms\OSPanel\domains\wordpress\wp-content\plugins\astra-sites\inc\importers\batch-processing\class-astra-sites-batch-processing-elementor.php(66): Elementor\TemplateLibrary\Astra_Sites_Batch_Processing_Elementor->import_single_post()
#2 D:\Programms\OSPanel\domains\wordpress\wp-content\plugins\astra-sites\inc\importers\batch-processing\helpers\class-wp-background-process-astra.php(41): Elementor\TemplateLibrary\Astra_Sites_Batch_Processing_Elementor->import()
#3 D:\Programms\OSPanel\domains\wordpress\wp-content\plugins\woocommerce\includes\libraries\wp-background-process.php(301): WP_Background_Process_Astra->task()
#4 D:\Programms\OSPanel\domains\wordpress\wp-content\plugins\woocommerce\includes\libraries\wp-background-process.php(447): WP_Background_Process->handle()
#5 D:\Programms\OSPanel\domains\wordpress\wp-includes\class-wp-hook.php(310): WP_Background_Process->handle_cron_healthcheck()
#6 D:\Programms\OSPanel\domains\wordpress\wp-includes\class-wp-hook.php(334): WP_Hook->apply_filters()
#7 D:\Programms\OSPanel\domains\wordpress\wp-includes\plugin.php(565): WP_Hook->do_action()
#8 D:\Programms\OSPanel\domains\wordpress\wp-cron.php(191): do_action_ref_array()
#9 {main}
  thrown in D:\Programms\OSPanel\domains\wordpress\wp-content\plugins\elementor\core\base\document.php on line 962

2023-08-17T07:33:32+00:00 CRITICAL Uncaught Exception: Invalid data: {"data":["Array","Array","Array","Array"],"element":"Array"} in D:\Programms\OSPanel\domains\wordpress\wp-content\plugins\elementor\core\base\document.php:962
Stack trace:
#0 D:\Programms\OSPanel\domains\wordpress\wp-content\plugins\astra-sites\inc\importers\batch-processing\class-astra-sites-batch-processing-elementor.php(122): Elementor\Core\Base\Document->get_elements_raw_data()
#1 D:\Programms\OSPanel\domains\wordpress\wp-content\plugins\astra-sites\inc\importers\batch-processing\class-astra-sites-batch-processing-elementor.php(66): Elementor\TemplateLibrary\Astra_Sites_Batch_Processing_Elementor->import_single_post()
#2 D:\Programms\OSPanel\domains\wordpress\wp-content\plugins\astra-sites\inc\importers\batch-processing\helpers\class-wp-background-process-astra.php(41): Elementor\TemplateLibrary\Astra_Sites_Batch_Processing_Elementor->import()
#3 D:\Programms\OSPanel\domains\wordpress\wp-content\plugins\woocommerce\includes\libraries\wp-background-process.php(301): WP_Background_Process_Astra->task()
#4 D:\Programms\OSPanel\domains\wordpress\wp-content\plugins\woocommerce\includes\libraries\wp-background-process.php(447): WP_Background_Process->handle()
#5 D:\Programms\OSPanel\domains\wordpress\wp-includes\class-wp-hook.php(310): WP_Background_Process->handle_cron_healthcheck()
#6 D:\Programms\OSPanel\domains\wordpress\wp-includes\class-wp-hook.php(334): WP_Hook->apply_filters()
#7 D:\Programms\OSPanel\domains\wordpress\wp-includes\plugin.php(565): WP_Hook->do_action()
#8 D:\Programms\OSPanel\domains\wordpress\wp-cron.php(191): do_action_ref_array()
#9 {main}
  thrown in D:\Programms\OSPanel\domains\wordpress\wp-content\plugins\elementor\core\base\document.php on line 962

2023-08-17T07:37:34+00:00 CRITICAL Uncaught Exception: Invalid data: {"data":["Array","Array","Array","Array"],"element":"Array"} in D:\Programms\OSPanel\domains\wordpress\wp-content\plugins\elementor\core\base\document.php:962
Stack trace:
#0 D:\Programms\OSPanel\domains\wordpress\wp-content\plugins\astra-sites\inc\importers\batch-processing\class-astra-sites-batch-processing-elementor.php(122): Elementor\Core\Base\Document->get_elements_raw_data()
#1 D:\Programms\OSPanel\domains\wordpress\wp-content\plugins\astra-sites\inc\importers\batch-processing\class-astra-sites-batch-processing-elementor.php(66): Elementor\TemplateLibrary\Astra_Sites_Batch_Processing_Elementor->import_single_post()
#2 D:\Programms\OSPanel\domains\wordpress\wp-content\plugins\astra-sites\inc\importers\batch-processing\helpers\class-wp-background-process-astra.php(41): Elementor\TemplateLibrary\Astra_Sites_Batch_Processing_Elementor->import()
#3 D:\Programms\OSPanel\domains\wordpress\wp-content\plugins\woocommerce\includes\libraries\wp-background-process.php(301): WP_Background_Process_Astra->task()
#4 D:\Programms\OSPanel\domains\wordpress\wp-content\plugins\woocommerce\includes\libraries\wp-background-process.php(447): WP_Background_Process->handle()
#5 D:\Programms\OSPanel\domains\wordpress\wp-includes\class-wp-hook.php(310): WP_Background_Process->handle_cron_healthcheck()
#6 D:\Programms\OSPanel\domains\wordpress\wp-includes\class-wp-hook.php(334): WP_Hook->apply_filters()
#7 D:\Programms\OSPanel\domains\wordpress\wp-includes\plugin.php(565): WP_Hook->do_action()
#8 D:\Programms\OSPanel\domains\wordpress\wp-cron.php(191): do_action_ref_array()
#9 {main}
  thrown in D:\Programms\OSPanel\domains\wordpress\wp-content\plugins\elementor\core\base\document.php on line 962

2023-08-17T07:43:37+00:00 CRITICAL Uncaught Exception: Invalid data: {"data":["Array","Array","Array","Array"],"element":"Array"} in D:\Programms\OSPanel\domains\wordpress\wp-content\plugins\elementor\core\base\document.php:962
Stack trace:
#0 D:\Programms\OSPanel\domains\wordpress\wp-content\plugins\astra-sites\inc\importers\batch-processing\class-astra-sites-batch-processing-elementor.php(122): Elementor\Core\Base\Document->get_elements_raw_data()
#1 D:\Programms\OSPanel\domains\wordpress\wp-content\plugins\astra-sites\inc\importers\batch-processing\class-astra-sites-batch-processing-elementor.php(66): Elementor\TemplateLibrary\Astra_Sites_Batch_Processing_Elementor->import_single_post()
#2 D:\Programms\OSPanel\domains\wordpress\wp-content\plugins\astra-sites\inc\importers\batch-processing\helpers\class-wp-background-process-astra.php(41): Elementor\TemplateLibrary\Astra_Sites_Batch_Processing_Elementor->import()
#3 D:\Programms\OSPanel\domains\wordpress\wp-content\plugins\woocommerce\includes\libraries\wp-background-process.php(301): WP_Background_Process_Astra->task()
#4 D:\Programms\OSPanel\domains\wordpress\wp-content\plugins\woocommerce\includes\libraries\wp-background-process.php(447): WP_Background_Process->handle()
#5 D:\Programms\OSPanel\domains\wordpress\wp-includes\class-wp-hook.php(310): WP_Background_Process->handle_cron_healthcheck()
#6 D:\Programms\OSPanel\domains\wordpress\wp-includes\class-wp-hook.php(334): WP_Hook->apply_filters()
#7 D:\Programms\OSPanel\domains\wordpress\wp-includes\plugin.php(565): WP_Hook->do_action()
#8 D:\Programms\OSPanel\domains\wordpress\wp-cron.php(191): do_action_ref_array()
#9 {main}
  thrown in D:\Programms\OSPanel\domains\wordpress\wp-content\plugins\elementor\core\base\document.php on line 962

2023-08-17T07:47:39+00:00 CRITICAL Uncaught Exception: Invalid data: {"data":["Array","Array","Array","Array"],"element":"Array"} in D:\Programms\OSPanel\domains\wordpress\wp-content\plugins\elementor\core\base\document.php:962
Stack trace:
#0 D:\Programms\OSPanel\domains\wordpress\wp-content\plugins\astra-sites\inc\importers\batch-processing\class-astra-sites-batch-processing-elementor.php(122): Elementor\Core\Base\Document->get_elements_raw_data()
#1 D:\Programms\OSPanel\domains\wordpress\wp-content\plugins\astra-sites\inc\importers\batch-processing\class-astra-sites-batch-processing-elementor.php(66): Elementor\TemplateLibrary\Astra_Sites_Batch_Processing_Elementor->import_single_post()
#2 D:\Programms\OSPanel\domains\wordpress\wp-content\plugins\astra-sites\inc\importers\batch-processing\helpers\class-wp-background-process-astra.php(41): Elementor\TemplateLibrary\Astra_Sites_Batch_Processing_Elementor->import()
#3 D:\Programms\OSPanel\domains\wordpress\wp-content\plugins\woocommerce\includes\libraries\wp-background-process.php(301): WP_Background_Process_Astra->task()
#4 D:\Programms\OSPanel\domains\wordpress\wp-content\plugins\woocommerce\includes\libraries\wp-background-process.php(447): WP_Background_Process->handle()
#5 D:\Programms\OSPanel\domains\wordpress\wp-includes\class-wp-hook.php(310): WP_Background_Process->handle_cron_healthcheck()
#6 D:\Programms\OSPanel\domains\wordpress\wp-includes\class-wp-hook.php(334): WP_Hook->apply_filters()
#7 D:\Programms\OSPanel\domains\wordpress\wp-includes\plugin.php(565): WP_Hook->do_action()
#8 D:\Programms\OSPanel\domains\wordpress\wp-cron.php(191): do_action_ref_array()
#9 {main}
  thrown in D:\Programms\OSPanel\domains\wordpress\wp-content\plugins\elementor\core\base\document.php on line 962

2023-08-17T08:28:11+00:00 CRITICAL Uncaught Exception: Invalid data: {"data":["Array","Array","Array","Array"],"element":"Array"} in D:\Programms\OSPanel\domains\wordpress\wp-content\plugins\elementor\core\base\document.php:962
Stack trace:
#0 D:\Programms\OSPanel\domains\wordpress\wp-content\plugins\astra-sites\inc\importers\batch-processing\class-astra-sites-batch-processing-elementor.php(122): Elementor\Core\Base\Document->get_elements_raw_data()
#1 D:\Programms\OSPanel\domains\wordpress\wp-content\plugins\astra-sites\inc\importers\batch-processing\class-astra-sites-batch-processing-elementor.php(66): Elementor\TemplateLibrary\Astra_Sites_Batch_Processing_Elementor->import_single_post()
#2 D:\Programms\OSPanel\domains\wordpress\wp-content\plugins\astra-sites\inc\importers\batch-processing\helpers\class-wp-background-process-astra.php(41): Elementor\TemplateLibrary\Astra_Sites_Batch_Processing_Elementor->import()
#3 D:\Programms\OSPanel\domains\wordpress\wp-content\plugins\woocommerce\includes\libraries\wp-background-process.php(301): WP_Background_Process_Astra->task()
#4 D:\Programms\OSPanel\domains\wordpress\wp-content\plugins\woocommerce\includes\libraries\wp-background-process.php(447): WP_Background_Process->handle()
#5 D:\Programms\OSPanel\domains\wordpress\wp-includes\class-wp-hook.php(310): WP_Background_Process->handle_cron_healthcheck()
#6 D:\Programms\OSPanel\domains\wordpress\wp-includes\class-wp-hook.php(334): WP_Hook->apply_filters()
#7 D:\Programms\OSPanel\domains\wordpress\wp-includes\plugin.php(565): WP_Hook->do_action()
#8 D:\Programms\OSPanel\domains\wordpress\wp-cron.php(191): do_action_ref_array()
#9 {main}
  thrown in D:\Programms\OSPanel\domains\wordpress\wp-content\plugins\elementor\core\base\document.php on line 962

2023-08-17T08:33:14+00:00 CRITICAL Uncaught Exception: Invalid data: {"data":["Array","Array","Array","Array"],"element":"Array"} in D:\Programms\OSPanel\domains\wordpress\wp-content\plugins\elementor\core\base\document.php:962
Stack trace:
#0 D:\Programms\OSPanel\domains\wordpress\wp-content\plugins\astra-sites\inc\importers\batch-processing\class-astra-sites-batch-processing-elementor.php(122): Elementor\Core\Base\Document->get_elements_raw_data()
#1 D:\Programms\OSPanel\domains\wordpress\wp-content\plugins\astra-sites\inc\importers\batch-processing\class-astra-sites-batch-processing-elementor.php(66): Elementor\TemplateLibrary\Astra_Sites_Batch_Processing_Elementor->import_single_post()
#2 D:\Programms\OSPanel\domains\wordpress\wp-content\plugins\astra-sites\inc\importers\batch-processing\helpers\class-wp-background-process-astra.php(41): Elementor\TemplateLibrary\Astra_Sites_Batch_Processing_Elementor->import()
#3 D:\Programms\OSPanel\domains\wordpress\wp-content\plugins\woocommerce\includes\libraries\wp-background-process.php(301): WP_Background_Process_Astra->task()
#4 D:\Programms\OSPanel\domains\wordpress\wp-content\plugins\woocommerce\includes\libraries\wp-background-process.php(447): WP_Background_Process->handle()
#5 D:\Programms\OSPanel\domains\wordpress\wp-includes\class-wp-hook.php(310): WP_Background_Process->handle_cron_healthcheck()
#6 D:\Programms\OSPanel\domains\wordpress\wp-includes\class-wp-hook.php(334): WP_Hook->apply_filters()
#7 D:\Programms\OSPanel\domains\wordpress\wp-includes\plugin.php(565): WP_Hook->do_action()
#8 D:\Programms\OSPanel\domains\wordpress\wp-cron.php(191): do_action_ref_array()
#9 {main}
  thrown in D:\Programms\OSPanel\domains\wordpress\wp-content\plugins\elementor\core\base\document.php on line 962

2023-08-17T09:00:05+00:00 CRITICAL Uncaught Exception: Invalid data: {"data":["Array","Array","Array","Array"],"element":"Array"} in D:\Programms\OSPanel\domains\wordpress\wp-content\plugins\elementor\core\base\document.php:962
Stack trace:
#0 D:\Programms\OSPanel\domains\wordpress\wp-content\plugins\astra-sites\inc\importers\batch-processing\class-astra-sites-batch-processing-elementor.php(122): Elementor\Core\Base\Document->get_elements_raw_data()
#1 D:\Programms\OSPanel\domains\wordpress\wp-content\plugins\astra-sites\inc\importers\batch-processing\class-astra-sites-batch-processing-elementor.php(66): Elementor\TemplateLibrary\Astra_Sites_Batch_Processing_Elementor->import_single_post()
#2 D:\Programms\OSPanel\domains\wordpress\wp-content\plugins\astra-sites\inc\importers\batch-processing\helpers\class-wp-background-process-astra.php(41): Elementor\TemplateLibrary\Astra_Sites_Batch_Processing_Elementor->import()
#3 D:\Programms\OSPanel\domains\wordpress\wp-content\plugins\woocommerce\includes\libraries\wp-background-process.php(301): WP_Background_Process_Astra->task()
#4 D:\Programms\OSPanel\domains\wordpress\wp-content\plugins\woocommerce\includes\libraries\wp-background-process.php(447): WP_Background_Process->handle()
#5 D:\Programms\OSPanel\domains\wordpress\wp-includes\class-wp-hook.php(310): WP_Background_Process->handle_cron_healthcheck()
#6 D:\Programms\OSPanel\domains\wordpress\wp-includes\class-wp-hook.php(334): WP_Hook->apply_filters()
#7 D:\Programms\OSPanel\domains\wordpress\wp-includes\plugin.php(565): WP_Hook->do_action()
#8 D:\Programms\OSPanel\domains\wordpress\wp-cron.php(191): do_action_ref_array()
#9 {main}
  thrown in D:\Programms\OSPanel\domains\wordpress\wp-content\plugins\elementor\core\base\document.php on line 962

2023-08-17T09:03:05+00:00 CRITICAL Uncaught Exception: Invalid data: {"data":["Array","Array","Array","Array"],"element":"Array"} in D:\Programms\OSPanel\domains\wordpress\wp-content\plugins\elementor\core\base\document.php:962
Stack trace:
#0 D:\Programms\OSPanel\domains\wordpress\wp-content\plugins\astra-sites\inc\importers\batch-processing\class-astra-sites-batch-processing-elementor.php(122): Elementor\Core\Base\Document->get_elements_raw_data()
#1 D:\Programms\OSPanel\domains\wordpress\wp-content\plugins\astra-sites\inc\importers\batch-processing\class-astra-sites-batch-processing-elementor.php(66): Elementor\TemplateLibrary\Astra_Sites_Batch_Processing_Elementor->import_single_post()
#2 D:\Programms\OSPanel\domains\wordpress\wp-content\plugins\astra-sites\inc\importers\batch-processing\helpers\class-wp-background-process-astra.php(41): Elementor\TemplateLibrary\Astra_Sites_Batch_Processing_Elementor->import()
#3 D:\Programms\OSPanel\domains\wordpress\wp-content\plugins\woocommerce\includes\libraries\wp-background-process.php(301): WP_Background_Process_Astra->task()
#4 D:\Programms\OSPanel\domains\wordpress\wp-content\plugins\woocommerce\includes\libraries\wp-background-process.php(447): WP_Background_Process->handle()
#5 D:\Programms\OSPanel\domains\wordpress\wp-includes\class-wp-hook.php(310): WP_Background_Process->handle_cron_healthcheck()
#6 D:\Programms\OSPanel\domains\wordpress\wp-includes\class-wp-hook.php(334): WP_Hook->apply_filters()
#7 D:\Programms\OSPanel\domains\wordpress\wp-includes\plugin.php(565): WP_Hook->do_action()
#8 D:\Programms\OSPanel\domains\wordpress\wp-cron.php(191): do_action_ref_array()
#9 {main}
  thrown in D:\Programms\OSPanel\domains\wordpress\wp-content\plugins\elementor\core\base\document.php on line 962

2023-08-17T09:09:06+00:00 CRITICAL Uncaught Exception: Invalid data: {"data":["Array","Array","Array","Array"],"element":"Array"} in D:\Programms\OSPanel\domains\wordpress\wp-content\plugins\elementor\core\base\document.php:962
Stack trace:
#0 D:\Programms\OSPanel\domains\wordpress\wp-content\plugins\astra-sites\inc\importers\batch-processing\class-astra-sites-batch-processing-elementor.php(122): Elementor\Core\Base\Document->get_elements_raw_data()
#1 D:\Programms\OSPanel\domains\wordpress\wp-content\plugins\astra-sites\inc\importers\batch-processing\class-astra-sites-batch-processing-elementor.php(66): Elementor\TemplateLibrary\Astra_Sites_Batch_Processing_Elementor->import_single_post()
#2 D:\Programms\OSPanel\domains\wordpress\wp-content\plugins\astra-sites\inc\importers\batch-processing\helpers\class-wp-background-process-astra.php(41): Elementor\TemplateLibrary\Astra_Sites_Batch_Processing_Elementor->import()
#3 D:\Programms\OSPanel\domains\wordpress\wp-content\plugins\woocommerce\includes\libraries\wp-background-process.php(301): WP_Background_Process_Astra->task()
#4 D:\Programms\OSPanel\domains\wordpress\wp-content\plugins\woocommerce\includes\libraries\wp-background-process.php(447): WP_Background_Process->handle()
#5 D:\Programms\OSPanel\domains\wordpress\wp-includes\class-wp-hook.php(310): WP_Background_Process->handle_cron_healthcheck()
#6 D:\Programms\OSPanel\domains\wordpress\wp-includes\class-wp-hook.php(334): WP_Hook->apply_filters()
#7 D:\Programms\OSPanel\domains\wordpress\wp-includes\plugin.php(565): WP_Hook->do_action()
#8 D:\Programms\OSPanel\domains\wordpress\wp-cron.php(191): do_action_ref_array()
#9 {main}
  thrown in D:\Programms\OSPanel\domains\wordpress\wp-content\plugins\elementor\core\base\document.php on line 962

2023-08-17T13:21:50+00:00 CRITICAL Uncaught Exception: Invalid data: {"data":["Array","Array","Array","Array"],"element":"Array"} in D:\Programms\OSPanel\domains\wordpress\wp-content\plugins\elementor\core\base\document.php:962
Stack trace:
#0 D:\Programms\OSPanel\domains\wordpress\wp-content\plugins\astra-sites\inc\importers\batch-processing\class-astra-sites-batch-processing-elementor.php(122): Elementor\Core\Base\Document->get_elements_raw_data()
#1 D:\Programms\OSPanel\domains\wordpress\wp-content\plugins\astra-sites\inc\importers\batch-processing\class-astra-sites-batch-processing-elementor.php(66): Elementor\TemplateLibrary\Astra_Sites_Batch_Processing_Elementor->import_single_post()
#2 D:\Programms\OSPanel\domains\wordpress\wp-content\plugins\astra-sites\inc\importers\batch-processing\helpers\class-wp-background-process-astra.php(41): Elementor\TemplateLibrary\Astra_Sites_Batch_Processing_Elementor->import()
#3 D:\Programms\OSPanel\domains\wordpress\wp-content\plugins\woocommerce\includes\libraries\wp-background-process.php(301): WP_Background_Process_Astra->task()
#4 D:\Programms\OSPanel\domains\wordpress\wp-content\plugins\woocommerce\includes\libraries\wp-background-process.php(447): WP_Background_Process->handle()
#5 D:\Programms\OSPanel\domains\wordpress\wp-includes\class-wp-hook.php(310): WP_Background_Process->handle_cron_healthcheck()
#6 D:\Programms\OSPanel\domains\wordpress\wp-includes\class-wp-hook.php(334): WP_Hook->apply_filters()
#7 D:\Programms\OSPanel\domains\wordpress\wp-includes\plugin.php(565): WP_Hook->do_action()
#8 D:\Programms\OSPanel\domains\wordpress\wp-cron.php(191): do_action_ref_array()
#9 {main}
  thrown in D:\Programms\OSPanel\domains\wordpress\wp-content\plugins\elementor\core\base\document.php on line 962

2023-08-17T13:23:51+00:00 CRITICAL Uncaught Exception: Invalid data: {"data":["Array","Array","Array","Array"],"element":"Array"} in D:\Programms\OSPanel\domains\wordpress\wp-content\plugins\elementor\core\base\document.php:962
Stack trace:
#0 D:\Programms\OSPanel\domains\wordpress\wp-content\plugins\astra-sites\inc\importers\batch-processing\class-astra-sites-batch-processing-elementor.php(122): Elementor\Core\Base\Document->get_elements_raw_data()
#1 D:\Programms\OSPanel\domains\wordpress\wp-content\plugins\astra-sites\inc\importers\batch-processing\class-astra-sites-batch-processing-elementor.php(66): Elementor\TemplateLibrary\Astra_Sites_Batch_Processing_Elementor->import_single_post()
#2 D:\Programms\OSPanel\domains\wordpress\wp-content\plugins\astra-sites\inc\importers\batch-processing\helpers\class-wp-background-process-astra.php(41): Elementor\TemplateLibrary\Astra_Sites_Batch_Processing_Elementor->import()
#3 D:\Programms\OSPanel\domains\wordpress\wp-content\plugins\woocommerce\includes\libraries\wp-background-process.php(301): WP_Background_Process_Astra->task()
#4 D:\Programms\OSPanel\domains\wordpress\wp-content\plugins\woocommerce\includes\libraries\wp-background-process.php(447): WP_Background_Process->handle()
#5 D:\Programms\OSPanel\domains\wordpress\wp-includes\class-wp-hook.php(310): WP_Background_Process->handle_cron_healthcheck()
#6 D:\Programms\OSPanel\domains\wordpress\wp-includes\class-wp-hook.php(334): WP_Hook->apply_filters()
#7 D:\Programms\OSPanel\domains\wordpress\wp-includes\plugin.php(565): WP_Hook->do_action()
#8 D:\Programms\OSPanel\domains\wordpress\wp-cron.php(191): do_action_ref_array()
#9 {main}
  thrown in D:\Programms\OSPanel\domains\wordpress\wp-content\plugins\elementor\core\base\document.php on line 962

2023-08-17T13:27:41+00:00 CRITICAL Uncaught Exception: Invalid data: {"data":["Array","Array","Array","Array"],"element":"Array"} in D:\Programms\OSPanel\domains\wordpress\wp-content\plugins\elementor\core\base\document.php:962
Stack trace:
#0 D:\Programms\OSPanel\domains\wordpress\wp-content\plugins\astra-sites\inc\importers\batch-processing\class-astra-sites-batch-processing-elementor.php(122): Elementor\Core\Base\Document->get_elements_raw_data()
#1 D:\Programms\OSPanel\domains\wordpress\wp-content\plugins\astra-sites\inc\importers\batch-processing\class-astra-sites-batch-processing-elementor.php(66): Elementor\TemplateLibrary\Astra_Sites_Batch_Processing_Elementor->import_single_post()
#2 D:\Programms\OSPanel\domains\wordpress\wp-content\plugins\astra-sites\inc\importers\batch-processing\helpers\class-wp-background-process-astra.php(41): Elementor\TemplateLibrary\Astra_Sites_Batch_Processing_Elementor->import()
#3 D:\Programms\OSPanel\domains\wordpress\wp-content\plugins\woocommerce\includes\libraries\wp-background-process.php(301): WP_Background_Process_Astra->task()
#4 D:\Programms\OSPanel\domains\wordpress\wp-content\plugins\woocommerce\includes\libraries\wp-background-process.php(447): WP_Background_Process->handle()
#5 D:\Programms\OSPanel\domains\wordpress\wp-includes\class-wp-hook.php(310): WP_Background_Process->handle_cron_healthcheck()
#6 D:\Programms\OSPanel\domains\wordpress\wp-includes\class-wp-hook.php(334): WP_Hook->apply_filters()
#7 D:\Programms\OSPanel\domains\wordpress\wp-includes\plugin.php(565): WP_Hook->do_action()
#8 D:\Programms\OSPanel\domains\wordpress\wp-cron.php(191): do_action_ref_array()
#9 {main}
  thrown in D:\Programms\OSPanel\domains\wordpress\wp-content\plugins\elementor\core\base\document.php on line 962

2023-08-17T13:32:45+00:00 CRITICAL Uncaught Exception: Invalid data: {"data":["Array","Array","Array","Array"],"element":"Array"} in D:\Programms\OSPanel\domains\wordpress\wp-content\plugins\elementor\core\base\document.php:962
Stack trace:
#0 D:\Programms\OSPanel\domains\wordpress\wp-content\plugins\astra-sites\inc\importers\batch-processing\class-astra-sites-batch-processing-elementor.php(122): Elementor\Core\Base\Document->get_elements_raw_data()
#1 D:\Programms\OSPanel\domains\wordpress\wp-content\plugins\astra-sites\inc\importers\batch-processing\class-astra-sites-batch-processing-elementor.php(66): Elementor\TemplateLibrary\Astra_Sites_Batch_Processing_Elementor->import_single_post()
#2 D:\Programms\OSPanel\domains\wordpress\wp-content\plugins\astra-sites\inc\importers\batch-processing\helpers\class-wp-background-process-astra.php(41): Elementor\TemplateLibrary\Astra_Sites_Batch_Processing_Elementor->import()
#3 D:\Programms\OSPanel\domains\wordpress\wp-content\plugins\woocommerce\includes\libraries\wp-background-process.php(301): WP_Background_Process_Astra->task()
#4 D:\Programms\OSPanel\domains\wordpress\wp-content\plugins\woocommerce\includes\libraries\wp-background-process.php(447): WP_Background_Process->handle()
#5 D:\Programms\OSPanel\domains\wordpress\wp-includes\class-wp-hook.php(310): WP_Background_Process->handle_cron_healthcheck()
#6 D:\Programms\OSPanel\domains\wordpress\wp-includes\class-wp-hook.php(334): WP_Hook->apply_filters()
#7 D:\Programms\OSPanel\domains\wordpress\wp-includes\plugin.php(565): WP_Hook->do_action()
#8 D:\Programms\OSPanel\domains\wordpress\wp-cron.php(191): do_action_ref_array()
#9 {main}
  thrown in D:\Programms\OSPanel\domains\wordpress\wp-content\plugins\elementor\core\base\document.php on line 962

2023-08-17T13:38:50+00:00 CRITICAL Uncaught Exception: Invalid data: {"data":["Array","Array","Array","Array"],"element":"Array"} in D:\Programms\OSPanel\domains\wordpress\wp-content\plugins\elementor\core\base\document.php:962
Stack trace:
#0 D:\Programms\OSPanel\domains\wordpress\wp-content\plugins\astra-sites\inc\importers\batch-processing\class-astra-sites-batch-processing-elementor.php(122): Elementor\Core\Base\Document->get_elements_raw_data()
#1 D:\Programms\OSPanel\domains\wordpress\wp-content\plugins\astra-sites\inc\importers\batch-processing\class-astra-sites-batch-processing-elementor.php(66): Elementor\TemplateLibrary\Astra_Sites_Batch_Processing_Elementor->import_single_post()
#2 D:\Programms\OSPanel\domains\wordpress\wp-content\plugins\astra-sites\inc\importers\batch-processing\helpers\class-wp-background-process-astra.php(41): Elementor\TemplateLibrary\Astra_Sites_Batch_Processing_Elementor->import()
#3 D:\Programms\OSPanel\domains\wordpress\wp-content\plugins\woocommerce\includes\libraries\wp-background-process.php(301): WP_Background_Process_Astra->task()
#4 D:\Programms\OSPanel\domains\wordpress\wp-content\plugins\woocommerce\includes\libraries\wp-background-process.php(447): WP_Background_Process->handle()
#5 D:\Programms\OSPanel\domains\wordpress\wp-includes\class-wp-hook.php(310): WP_Background_Process->handle_cron_healthcheck()
#6 D:\Programms\OSPanel\domains\wordpress\wp-includes\class-wp-hook.php(334): WP_Hook->apply_filters()
#7 D:\Programms\OSPanel\domains\wordpress\wp-includes\plugin.php(565): WP_Hook->do_action()
#8 D:\Programms\OSPanel\domains\wordpress\wp-cron.php(191): do_action_ref_array()
#9 {main}
  thrown in D:\Programms\OSPanel\domains\wordpress\wp-content\plugins\elementor\core\base\document.php on line 962

2023-08-17T13:52:06+00:00 CRITICAL Uncaught Exception: Invalid data: {"data":["Array","Array","Array","Array"],"element":"Array"} in D:\Programms\OSPanel\domains\wordpress\wp-content\plugins\elementor\core\base\document.php:962
Stack trace:
#0 D:\Programms\OSPanel\domains\wordpress\wp-content\plugins\astra-sites\inc\importers\batch-processing\class-astra-sites-batch-processing-elementor.php(122): Elementor\Core\Base\Document->get_elements_raw_data()
#1 D:\Programms\OSPanel\domains\wordpress\wp-content\plugins\astra-sites\inc\importers\batch-processing\class-astra-sites-batch-processing-elementor.php(66): Elementor\TemplateLibrary\Astra_Sites_Batch_Processing_Elementor->import_single_post()
#2 D:\Programms\OSPanel\domains\wordpress\wp-content\plugins\astra-sites\inc\importers\batch-processing\helpers\class-wp-background-process-astra.php(41): Elementor\TemplateLibrary\Astra_Sites_Batch_Processing_Elementor->import()
#3 D:\Programms\OSPanel\domains\wordpress\wp-content\plugins\woocommerce\includes\libraries\wp-background-process.php(301): WP_Background_Process_Astra->task()
#4 D:\Programms\OSPanel\domains\wordpress\wp-content\plugins\woocommerce\includes\libraries\wp-background-process.php(447): WP_Background_Process->handle()
#5 D:\Programms\OSPanel\domains\wordpress\wp-includes\class-wp-hook.php(310): WP_Background_Process->handle_cron_healthcheck()
#6 D:\Programms\OSPanel\domains\wordpress\wp-includes\class-wp-hook.php(334): WP_Hook->apply_filters()
#7 D:\Programms\OSPanel\domains\wordpress\wp-includes\plugin.php(565): WP_Hook->do_action()
#8 D:\Programms\OSPanel\domains\wordpress\wp-cron.php(191): do_action_ref_array()
#9 {main}
  thrown in D:\Programms\OSPanel\domains\wordpress\wp-content\plugins\elementor\core\base\document.php on line 962

