2023-08-13T07:45:36+00:00 CRITICAL Uncaught Exception: Invalid data: {"data":["Array","Array","Array","Array"],"element":"Array"} in D:\Programms\OSPanel\domains\wordpress\wp-content\plugins\elementor\core\base\document.php:962
Stack trace:
#0 D:\Programms\OSPanel\domains\wordpress\wp-content\plugins\astra-sites\inc\importers\batch-processing\class-astra-sites-batch-processing-elementor.php(122): Elementor\Core\Base\Document->get_elements_raw_data()
#1 D:\Programms\OSPanel\domains\wordpress\wp-content\plugins\astra-sites\inc\importers\batch-processing\class-astra-sites-batch-processing-elementor.php(66): Elementor\TemplateLibrary\Astra_Sites_Batch_Processing_Elementor->import_single_post()
#2 D:\Programms\OSPanel\domains\wordpress\wp-content\plugins\astra-sites\inc\importers\batch-processing\helpers\class-wp-background-process-astra.php(41): Elementor\TemplateLibrary\Astra_Sites_Batch_Processing_Elementor->import()
#3 D:\Programms\OSPanel\domains\wordpress\wp-content\plugins\woocommerce\includes\libraries\wp-background-process.php(301): WP_Background_Process_Astra->task()
#4 D:\Programms\OSPanel\domains\wordpress\wp-content\plugins\woocommerce\includes\libraries\wp-background-process.php(447): WP_Background_Process->handle()
#5 D:\Programms\OSPanel\domains\wordpress\wp-includes\class-wp-hook.php(310): WP_Background_Process->handle_cron_healthcheck()
#6 D:\Programms\OSPanel\domains\wordpress\wp-includes\class-wp-hook.php(334): WP_Hook->apply_filters()
#7 D:\Programms\OSPanel\domains\wordpress\wp-includes\plugin.php(565): WP_Hook->do_action()
#8 D:\Programms\OSPanel\domains\wordpress\wp-cron.php(191): do_action_ref_array()
#9 {main}
  thrown in D:\Programms\OSPanel\domains\wordpress\wp-content\plugins\elementor\core\base\document.php on line 962

2023-08-13T07:55:46+00:00 CRITICAL Uncaught Exception: Invalid data: {"data":["Array","Array","Array","Array"],"element":"Array"} in D:\Programms\OSPanel\domains\wordpress\wp-content\plugins\elementor\core\base\document.php:962
Stack trace:
#0 D:\Programms\OSPanel\domains\wordpress\wp-content\plugins\astra-sites\inc\importers\batch-processing\class-astra-sites-batch-processing-elementor.php(122): Elementor\Core\Base\Document->get_elements_raw_data()
#1 D:\Programms\OSPanel\domains\wordpress\wp-content\plugins\astra-sites\inc\importers\batch-processing\class-astra-sites-batch-processing-elementor.php(66): Elementor\TemplateLibrary\Astra_Sites_Batch_Processing_Elementor->import_single_post()
#2 D:\Programms\OSPanel\domains\wordpress\wp-content\plugins\astra-sites\inc\importers\batch-processing\helpers\class-wp-background-process-astra.php(41): Elementor\TemplateLibrary\Astra_Sites_Batch_Processing_Elementor->import()
#3 D:\Programms\OSPanel\domains\wordpress\wp-content\plugins\woocommerce\includes\libraries\wp-background-process.php(301): WP_Background_Process_Astra->task()
#4 D:\Programms\OSPanel\domains\wordpress\wp-content\plugins\woocommerce\includes\libraries\wp-background-process.php(447): WP_Background_Process->handle()
#5 D:\Programms\OSPanel\domains\wordpress\wp-includes\class-wp-hook.php(310): WP_Background_Process->handle_cron_healthcheck()
#6 D:\Programms\OSPanel\domains\wordpress\wp-includes\class-wp-hook.php(334): WP_Hook->apply_filters()
#7 D:\Programms\OSPanel\domains\wordpress\wp-includes\plugin.php(565): WP_Hook->do_action()
#8 D:\Programms\OSPanel\domains\wordpress\wp-cron.php(191): do_action_ref_array()
#9 {main}
  thrown in D:\Programms\OSPanel\domains\wordpress\wp-content\plugins\elementor\core\base\document.php on line 962

2023-08-13T10:38:58+00:00 CRITICAL Uncaught Exception: Invalid data: {"data":["Array","Array","Array","Array"],"element":"Array"} in D:\Programms\OSPanel\domains\wordpress\wp-content\plugins\elementor\core\base\document.php:962
Stack trace:
#0 D:\Programms\OSPanel\domains\wordpress\wp-content\plugins\astra-sites\inc\importers\batch-processing\class-astra-sites-batch-processing-elementor.php(122): Elementor\Core\Base\Document->get_elements_raw_data()
#1 D:\Programms\OSPanel\domains\wordpress\wp-content\plugins\astra-sites\inc\importers\batch-processing\class-astra-sites-batch-processing-elementor.php(66): Elementor\TemplateLibrary\Astra_Sites_Batch_Processing_Elementor->import_single_post()
#2 D:\Programms\OSPanel\domains\wordpress\wp-content\plugins\astra-sites\inc\importers\batch-processing\helpers\class-wp-background-process-astra.php(41): Elementor\TemplateLibrary\Astra_Sites_Batch_Processing_Elementor->import()
#3 D:\Programms\OSPanel\domains\wordpress\wp-content\plugins\woocommerce\includes\libraries\wp-background-process.php(301): WP_Background_Process_Astra->task()
#4 D:\Programms\OSPanel\domains\wordpress\wp-content\plugins\woocommerce\includes\libraries\wp-background-process.php(447): WP_Background_Process->handle()
#5 D:\Programms\OSPanel\domains\wordpress\wp-includes\class-wp-hook.php(310): WP_Background_Process->handle_cron_healthcheck()
#6 D:\Programms\OSPanel\domains\wordpress\wp-includes\class-wp-hook.php(334): WP_Hook->apply_filters()
#7 D:\Programms\OSPanel\domains\wordpress\wp-includes\plugin.php(565): WP_Hook->do_action()
#8 D:\Programms\OSPanel\domains\wordpress\wp-cron.php(191): do_action_ref_array()
#9 {main}
  thrown in D:\Programms\OSPanel\domains\wordpress\wp-content\plugins\elementor\core\base\document.php on line 962

2023-08-13T10:42:46+00:00 CRITICAL Uncaught Exception: Invalid data: {"data":["Array","Array","Array","Array"],"element":"Array"} in D:\Programms\OSPanel\domains\wordpress\wp-content\plugins\elementor\core\base\document.php:962
Stack trace:
#0 D:\Programms\OSPanel\domains\wordpress\wp-content\plugins\astra-sites\inc\importers\batch-processing\class-astra-sites-batch-processing-elementor.php(122): Elementor\Core\Base\Document->get_elements_raw_data()
#1 D:\Programms\OSPanel\domains\wordpress\wp-content\plugins\astra-sites\inc\importers\batch-processing\class-astra-sites-batch-processing-elementor.php(66): Elementor\TemplateLibrary\Astra_Sites_Batch_Processing_Elementor->import_single_post()
#2 D:\Programms\OSPanel\domains\wordpress\wp-content\plugins\astra-sites\inc\importers\batch-processing\helpers\class-wp-background-process-astra.php(41): Elementor\TemplateLibrary\Astra_Sites_Batch_Processing_Elementor->import()
#3 D:\Programms\OSPanel\domains\wordpress\wp-content\plugins\woocommerce\includes\libraries\wp-background-process.php(301): WP_Background_Process_Astra->task()
#4 D:\Programms\OSPanel\domains\wordpress\wp-content\plugins\woocommerce\includes\libraries\wp-background-process.php(447): WP_Background_Process->handle()
#5 D:\Programms\OSPanel\domains\wordpress\wp-includes\class-wp-hook.php(310): WP_Background_Process->handle_cron_healthcheck()
#6 D:\Programms\OSPanel\domains\wordpress\wp-includes\class-wp-hook.php(334): WP_Hook->apply_filters()
#7 D:\Programms\OSPanel\domains\wordpress\wp-includes\plugin.php(565): WP_Hook->do_action()
#8 D:\Programms\OSPanel\domains\wordpress\wp-cron.php(191): do_action_ref_array()
#9 {main}
  thrown in D:\Programms\OSPanel\domains\wordpress\wp-content\plugins\elementor\core\base\document.php on line 962

2023-08-13T10:48:49+00:00 CRITICAL Uncaught Exception: Invalid data: {"data":["Array","Array","Array","Array"],"element":"Array"} in D:\Programms\OSPanel\domains\wordpress\wp-content\plugins\elementor\core\base\document.php:962
Stack trace:
#0 D:\Programms\OSPanel\domains\wordpress\wp-content\plugins\astra-sites\inc\importers\batch-processing\class-astra-sites-batch-processing-elementor.php(122): Elementor\Core\Base\Document->get_elements_raw_data()
#1 D:\Programms\OSPanel\domains\wordpress\wp-content\plugins\astra-sites\inc\importers\batch-processing\class-astra-sites-batch-processing-elementor.php(66): Elementor\TemplateLibrary\Astra_Sites_Batch_Processing_Elementor->import_single_post()
#2 D:\Programms\OSPanel\domains\wordpress\wp-content\plugins\astra-sites\inc\importers\batch-processing\helpers\class-wp-background-process-astra.php(41): Elementor\TemplateLibrary\Astra_Sites_Batch_Processing_Elementor->import()
#3 D:\Programms\OSPanel\domains\wordpress\wp-content\plugins\woocommerce\includes\libraries\wp-background-process.php(301): WP_Background_Process_Astra->task()
#4 D:\Programms\OSPanel\domains\wordpress\wp-content\plugins\woocommerce\includes\libraries\wp-background-process.php(447): WP_Background_Process->handle()
#5 D:\Programms\OSPanel\domains\wordpress\wp-includes\class-wp-hook.php(310): WP_Background_Process->handle_cron_healthcheck()
#6 D:\Programms\OSPanel\domains\wordpress\wp-includes\class-wp-hook.php(334): WP_Hook->apply_filters()
#7 D:\Programms\OSPanel\domains\wordpress\wp-includes\plugin.php(565): WP_Hook->do_action()
#8 D:\Programms\OSPanel\domains\wordpress\wp-cron.php(191): do_action_ref_array()
#9 {main}
  thrown in D:\Programms\OSPanel\domains\wordpress\wp-content\plugins\elementor\core\base\document.php on line 962

2023-08-13T11:01:35+00:00 CRITICAL Uncaught Exception: Invalid data: {"data":["Array","Array","Array","Array"],"element":"Array"} in D:\Programms\OSPanel\domains\wordpress\wp-content\plugins\elementor\core\base\document.php:962
Stack trace:
#0 D:\Programms\OSPanel\domains\wordpress\wp-content\plugins\astra-sites\inc\importers\batch-processing\class-astra-sites-batch-processing-elementor.php(122): Elementor\Core\Base\Document->get_elements_raw_data()
#1 D:\Programms\OSPanel\domains\wordpress\wp-content\plugins\astra-sites\inc\importers\batch-processing\class-astra-sites-batch-processing-elementor.php(66): Elementor\TemplateLibrary\Astra_Sites_Batch_Processing_Elementor->import_single_post()
#2 D:\Programms\OSPanel\domains\wordpress\wp-content\plugins\astra-sites\inc\importers\batch-processing\helpers\class-wp-background-process-astra.php(41): Elementor\TemplateLibrary\Astra_Sites_Batch_Processing_Elementor->import()
#3 D:\Programms\OSPanel\domains\wordpress\wp-content\plugins\woocommerce\includes\libraries\wp-background-process.php(301): WP_Background_Process_Astra->task()
#4 D:\Programms\OSPanel\domains\wordpress\wp-content\plugins\woocommerce\includes\libraries\wp-background-process.php(447): WP_Background_Process->handle()
#5 D:\Programms\OSPanel\domains\wordpress\wp-includes\class-wp-hook.php(310): WP_Background_Process->handle_cron_healthcheck()
#6 D:\Programms\OSPanel\domains\wordpress\wp-includes\class-wp-hook.php(334): WP_Hook->apply_filters()
#7 D:\Programms\OSPanel\domains\wordpress\wp-includes\plugin.php(565): WP_Hook->do_action()
#8 D:\Programms\OSPanel\domains\wordpress\wp-cron.php(191): do_action_ref_array()
#9 {main}
  thrown in D:\Programms\OSPanel\domains\wordpress\wp-content\plugins\elementor\core\base\document.php on line 962

2023-08-13T11:02:55+00:00 CRITICAL Uncaught Exception: Invalid data: {"data":["Array","Array","Array","Array"],"element":"Array"} in D:\Programms\OSPanel\domains\wordpress\wp-content\plugins\elementor\core\base\document.php:962
Stack trace:
#0 D:\Programms\OSPanel\domains\wordpress\wp-content\plugins\astra-sites\inc\importers\batch-processing\class-astra-sites-batch-processing-elementor.php(122): Elementor\Core\Base\Document->get_elements_raw_data()
#1 D:\Programms\OSPanel\domains\wordpress\wp-content\plugins\astra-sites\inc\importers\batch-processing\class-astra-sites-batch-processing-elementor.php(66): Elementor\TemplateLibrary\Astra_Sites_Batch_Processing_Elementor->import_single_post()
#2 D:\Programms\OSPanel\domains\wordpress\wp-content\plugins\astra-sites\inc\importers\batch-processing\helpers\class-wp-background-process-astra.php(41): Elementor\TemplateLibrary\Astra_Sites_Batch_Processing_Elementor->import()
#3 D:\Programms\OSPanel\domains\wordpress\wp-content\plugins\woocommerce\includes\libraries\wp-background-process.php(301): WP_Background_Process_Astra->task()
#4 D:\Programms\OSPanel\domains\wordpress\wp-content\plugins\woocommerce\includes\libraries\wp-background-process.php(447): WP_Background_Process->handle()
#5 D:\Programms\OSPanel\domains\wordpress\wp-includes\class-wp-hook.php(310): WP_Background_Process->handle_cron_healthcheck()
#6 D:\Programms\OSPanel\domains\wordpress\wp-includes\class-wp-hook.php(334): WP_Hook->apply_filters()
#7 D:\Programms\OSPanel\domains\wordpress\wp-includes\plugin.php(565): WP_Hook->do_action()
#8 D:\Programms\OSPanel\domains\wordpress\wp-cron.php(191): do_action_ref_array()
#9 {main}
  thrown in D:\Programms\OSPanel\domains\wordpress\wp-content\plugins\elementor\core\base\document.php on line 962

2023-08-13T11:08:47+00:00 CRITICAL Uncaught Exception: Invalid data: {"data":["Array","Array","Array","Array"],"element":"Array"} in D:\Programms\OSPanel\domains\wordpress\wp-content\plugins\elementor\core\base\document.php:962
Stack trace:
#0 D:\Programms\OSPanel\domains\wordpress\wp-content\plugins\astra-sites\inc\importers\batch-processing\class-astra-sites-batch-processing-elementor.php(122): Elementor\Core\Base\Document->get_elements_raw_data()
#1 D:\Programms\OSPanel\domains\wordpress\wp-content\plugins\astra-sites\inc\importers\batch-processing\class-astra-sites-batch-processing-elementor.php(66): Elementor\TemplateLibrary\Astra_Sites_Batch_Processing_Elementor->import_single_post()
#2 D:\Programms\OSPanel\domains\wordpress\wp-content\plugins\astra-sites\inc\importers\batch-processing\helpers\class-wp-background-process-astra.php(41): Elementor\TemplateLibrary\Astra_Sites_Batch_Processing_Elementor->import()
#3 D:\Programms\OSPanel\domains\wordpress\wp-content\plugins\woocommerce\includes\libraries\wp-background-process.php(301): WP_Background_Process_Astra->task()
#4 D:\Programms\OSPanel\domains\wordpress\wp-content\plugins\woocommerce\includes\libraries\wp-background-process.php(447): WP_Background_Process->handle()
#5 D:\Programms\OSPanel\domains\wordpress\wp-includes\class-wp-hook.php(310): WP_Background_Process->handle_cron_healthcheck()
#6 D:\Programms\OSPanel\domains\wordpress\wp-includes\class-wp-hook.php(334): WP_Hook->apply_filters()
#7 D:\Programms\OSPanel\domains\wordpress\wp-includes\plugin.php(565): WP_Hook->do_action()
#8 D:\Programms\OSPanel\domains\wordpress\wp-cron.php(191): do_action_ref_array()
#9 {main}
  thrown in D:\Programms\OSPanel\domains\wordpress\wp-content\plugins\elementor\core\base\document.php on line 962

2023-08-13T11:12:48+00:00 CRITICAL Uncaught Exception: Invalid data: {"data":["Array","Array","Array","Array"],"element":"Array"} in D:\Programms\OSPanel\domains\wordpress\wp-content\plugins\elementor\core\base\document.php:962
Stack trace:
#0 D:\Programms\OSPanel\domains\wordpress\wp-content\plugins\astra-sites\inc\importers\batch-processing\class-astra-sites-batch-processing-elementor.php(122): Elementor\Core\Base\Document->get_elements_raw_data()
#1 D:\Programms\OSPanel\domains\wordpress\wp-content\plugins\astra-sites\inc\importers\batch-processing\class-astra-sites-batch-processing-elementor.php(66): Elementor\TemplateLibrary\Astra_Sites_Batch_Processing_Elementor->import_single_post()
#2 D:\Programms\OSPanel\domains\wordpress\wp-content\plugins\astra-sites\inc\importers\batch-processing\helpers\class-wp-background-process-astra.php(41): Elementor\TemplateLibrary\Astra_Sites_Batch_Processing_Elementor->import()
#3 D:\Programms\OSPanel\domains\wordpress\wp-content\plugins\woocommerce\includes\libraries\wp-background-process.php(301): WP_Background_Process_Astra->task()
#4 D:\Programms\OSPanel\domains\wordpress\wp-content\plugins\woocommerce\includes\libraries\wp-background-process.php(447): WP_Background_Process->handle()
#5 D:\Programms\OSPanel\domains\wordpress\wp-includes\class-wp-hook.php(310): WP_Background_Process->handle_cron_healthcheck()
#6 D:\Programms\OSPanel\domains\wordpress\wp-includes\class-wp-hook.php(334): WP_Hook->apply_filters()
#7 D:\Programms\OSPanel\domains\wordpress\wp-includes\plugin.php(565): WP_Hook->do_action()
#8 D:\Programms\OSPanel\domains\wordpress\wp-cron.php(191): do_action_ref_array()
#9 {main}
  thrown in D:\Programms\OSPanel\domains\wordpress\wp-content\plugins\elementor\core\base\document.php on line 962

2023-08-13T11:17:58+00:00 CRITICAL Uncaught Exception: Invalid data: {"data":["Array","Array","Array","Array"],"element":"Array"} in D:\Programms\OSPanel\domains\wordpress\wp-content\plugins\elementor\core\base\document.php:962
Stack trace:
#0 D:\Programms\OSPanel\domains\wordpress\wp-content\plugins\astra-sites\inc\importers\batch-processing\class-astra-sites-batch-processing-elementor.php(122): Elementor\Core\Base\Document->get_elements_raw_data()
#1 D:\Programms\OSPanel\domains\wordpress\wp-content\plugins\astra-sites\inc\importers\batch-processing\class-astra-sites-batch-processing-elementor.php(66): Elementor\TemplateLibrary\Astra_Sites_Batch_Processing_Elementor->import_single_post()
#2 D:\Programms\OSPanel\domains\wordpress\wp-content\plugins\astra-sites\inc\importers\batch-processing\helpers\class-wp-background-process-astra.php(41): Elementor\TemplateLibrary\Astra_Sites_Batch_Processing_Elementor->import()
#3 D:\Programms\OSPanel\domains\wordpress\wp-content\plugins\woocommerce\includes\libraries\wp-background-process.php(301): WP_Background_Process_Astra->task()
#4 D:\Programms\OSPanel\domains\wordpress\wp-content\plugins\woocommerce\includes\libraries\wp-background-process.php(447): WP_Background_Process->handle()
#5 D:\Programms\OSPanel\domains\wordpress\wp-includes\class-wp-hook.php(310): WP_Background_Process->handle_cron_healthcheck()
#6 D:\Programms\OSPanel\domains\wordpress\wp-includes\class-wp-hook.php(334): WP_Hook->apply_filters()
#7 D:\Programms\OSPanel\domains\wordpress\wp-includes\plugin.php(565): WP_Hook->do_action()
#8 D:\Programms\OSPanel\domains\wordpress\wp-cron.php(191): do_action_ref_array()
#9 {main}
  thrown in D:\Programms\OSPanel\domains\wordpress\wp-content\plugins\elementor\core\base\document.php on line 962

2023-08-13T11:24:01+00:00 CRITICAL Uncaught Exception: Invalid data: {"data":["Array","Array","Array","Array"],"element":"Array"} in D:\Programms\OSPanel\domains\wordpress\wp-content\plugins\elementor\core\base\document.php:962
Stack trace:
#0 D:\Programms\OSPanel\domains\wordpress\wp-content\plugins\astra-sites\inc\importers\batch-processing\class-astra-sites-batch-processing-elementor.php(122): Elementor\Core\Base\Document->get_elements_raw_data()
#1 D:\Programms\OSPanel\domains\wordpress\wp-content\plugins\astra-sites\inc\importers\batch-processing\class-astra-sites-batch-processing-elementor.php(66): Elementor\TemplateLibrary\Astra_Sites_Batch_Processing_Elementor->import_single_post()
#2 D:\Programms\OSPanel\domains\wordpress\wp-content\plugins\astra-sites\inc\importers\batch-processing\helpers\class-wp-background-process-astra.php(41): Elementor\TemplateLibrary\Astra_Sites_Batch_Processing_Elementor->import()
#3 D:\Programms\OSPanel\domains\wordpress\wp-content\plugins\woocommerce\includes\libraries\wp-background-process.php(301): WP_Background_Process_Astra->task()
#4 D:\Programms\OSPanel\domains\wordpress\wp-content\plugins\woocommerce\includes\libraries\wp-background-process.php(447): WP_Background_Process->handle()
#5 D:\Programms\OSPanel\domains\wordpress\wp-includes\class-wp-hook.php(310): WP_Background_Process->handle_cron_healthcheck()
#6 D:\Programms\OSPanel\domains\wordpress\wp-includes\class-wp-hook.php(334): WP_Hook->apply_filters()
#7 D:\Programms\OSPanel\domains\wordpress\wp-includes\plugin.php(565): WP_Hook->do_action()
#8 D:\Programms\OSPanel\domains\wordpress\wp-cron.php(191): do_action_ref_array()
#9 {main}
  thrown in D:\Programms\OSPanel\domains\wordpress\wp-content\plugins\elementor\core\base\document.php on line 962

2023-08-13T11:28:03+00:00 CRITICAL Uncaught Exception: Invalid data: {"data":["Array","Array","Array","Array"],"element":"Array"} in D:\Programms\OSPanel\domains\wordpress\wp-content\plugins\elementor\core\base\document.php:962
Stack trace:
#0 D:\Programms\OSPanel\domains\wordpress\wp-content\plugins\astra-sites\inc\importers\batch-processing\class-astra-sites-batch-processing-elementor.php(122): Elementor\Core\Base\Document->get_elements_raw_data()
#1 D:\Programms\OSPanel\domains\wordpress\wp-content\plugins\astra-sites\inc\importers\batch-processing\class-astra-sites-batch-processing-elementor.php(66): Elementor\TemplateLibrary\Astra_Sites_Batch_Processing_Elementor->import_single_post()
#2 D:\Programms\OSPanel\domains\wordpress\wp-content\plugins\astra-sites\inc\importers\batch-processing\helpers\class-wp-background-process-astra.php(41): Elementor\TemplateLibrary\Astra_Sites_Batch_Processing_Elementor->import()
#3 D:\Programms\OSPanel\domains\wordpress\wp-content\plugins\woocommerce\includes\libraries\wp-background-process.php(301): WP_Background_Process_Astra->task()
#4 D:\Programms\OSPanel\domains\wordpress\wp-content\plugins\woocommerce\includes\libraries\wp-background-process.php(447): WP_Background_Process->handle()
#5 D:\Programms\OSPanel\domains\wordpress\wp-includes\class-wp-hook.php(310): WP_Background_Process->handle_cron_healthcheck()
#6 D:\Programms\OSPanel\domains\wordpress\wp-includes\class-wp-hook.php(334): WP_Hook->apply_filters()
#7 D:\Programms\OSPanel\domains\wordpress\wp-includes\plugin.php(565): WP_Hook->do_action()
#8 D:\Programms\OSPanel\domains\wordpress\wp-cron.php(191): do_action_ref_array()
#9 {main}
  thrown in D:\Programms\OSPanel\domains\wordpress\wp-content\plugins\elementor\core\base\document.php on line 962

2023-08-13T11:34:06+00:00 CRITICAL Uncaught Exception: Invalid data: {"data":["Array","Array","Array","Array"],"element":"Array"} in D:\Programms\OSPanel\domains\wordpress\wp-content\plugins\elementor\core\base\document.php:962
Stack trace:
#0 D:\Programms\OSPanel\domains\wordpress\wp-content\plugins\astra-sites\inc\importers\batch-processing\class-astra-sites-batch-processing-elementor.php(122): Elementor\Core\Base\Document->get_elements_raw_data()
#1 D:\Programms\OSPanel\domains\wordpress\wp-content\plugins\astra-sites\inc\importers\batch-processing\class-astra-sites-batch-processing-elementor.php(66): Elementor\TemplateLibrary\Astra_Sites_Batch_Processing_Elementor->import_single_post()
#2 D:\Programms\OSPanel\domains\wordpress\wp-content\plugins\astra-sites\inc\importers\batch-processing\helpers\class-wp-background-process-astra.php(41): Elementor\TemplateLibrary\Astra_Sites_Batch_Processing_Elementor->import()
#3 D:\Programms\OSPanel\domains\wordpress\wp-content\plugins\woocommerce\includes\libraries\wp-background-process.php(301): WP_Background_Process_Astra->task()
#4 D:\Programms\OSPanel\domains\wordpress\wp-content\plugins\woocommerce\includes\libraries\wp-background-process.php(447): WP_Background_Process->handle()
#5 D:\Programms\OSPanel\domains\wordpress\wp-includes\class-wp-hook.php(310): WP_Background_Process->handle_cron_healthcheck()
#6 D:\Programms\OSPanel\domains\wordpress\wp-includes\class-wp-hook.php(334): WP_Hook->apply_filters()
#7 D:\Programms\OSPanel\domains\wordpress\wp-includes\plugin.php(565): WP_Hook->do_action()
#8 D:\Programms\OSPanel\domains\wordpress\wp-cron.php(191): do_action_ref_array()
#9 {main}
  thrown in D:\Programms\OSPanel\domains\wordpress\wp-content\plugins\elementor\core\base\document.php on line 962

2023-08-13T11:38:07+00:00 CRITICAL Uncaught Exception: Invalid data: {"data":["Array","Array","Array","Array"],"element":"Array"} in D:\Programms\OSPanel\domains\wordpress\wp-content\plugins\elementor\core\base\document.php:962
Stack trace:
#0 D:\Programms\OSPanel\domains\wordpress\wp-content\plugins\astra-sites\inc\importers\batch-processing\class-astra-sites-batch-processing-elementor.php(122): Elementor\Core\Base\Document->get_elements_raw_data()
#1 D:\Programms\OSPanel\domains\wordpress\wp-content\plugins\astra-sites\inc\importers\batch-processing\class-astra-sites-batch-processing-elementor.php(66): Elementor\TemplateLibrary\Astra_Sites_Batch_Processing_Elementor->import_single_post()
#2 D:\Programms\OSPanel\domains\wordpress\wp-content\plugins\astra-sites\inc\importers\batch-processing\helpers\class-wp-background-process-astra.php(41): Elementor\TemplateLibrary\Astra_Sites_Batch_Processing_Elementor->import()
#3 D:\Programms\OSPanel\domains\wordpress\wp-content\plugins\woocommerce\includes\libraries\wp-background-process.php(301): WP_Background_Process_Astra->task()
#4 D:\Programms\OSPanel\domains\wordpress\wp-content\plugins\woocommerce\includes\libraries\wp-background-process.php(447): WP_Background_Process->handle()
#5 D:\Programms\OSPanel\domains\wordpress\wp-includes\class-wp-hook.php(310): WP_Background_Process->handle_cron_healthcheck()
#6 D:\Programms\OSPanel\domains\wordpress\wp-includes\class-wp-hook.php(334): WP_Hook->apply_filters()
#7 D:\Programms\OSPanel\domains\wordpress\wp-includes\plugin.php(565): WP_Hook->do_action()
#8 D:\Programms\OSPanel\domains\wordpress\wp-cron.php(191): do_action_ref_array()
#9 {main}
  thrown in D:\Programms\OSPanel\domains\wordpress\wp-content\plugins\elementor\core\base\document.php on line 962

2023-08-13T11:44:10+00:00 CRITICAL Uncaught Exception: Invalid data: {"data":["Array","Array","Array","Array"],"element":"Array"} in D:\Programms\OSPanel\domains\wordpress\wp-content\plugins\elementor\core\base\document.php:962
Stack trace:
#0 D:\Programms\OSPanel\domains\wordpress\wp-content\plugins\astra-sites\inc\importers\batch-processing\class-astra-sites-batch-processing-elementor.php(122): Elementor\Core\Base\Document->get_elements_raw_data()
#1 D:\Programms\OSPanel\domains\wordpress\wp-content\plugins\astra-sites\inc\importers\batch-processing\class-astra-sites-batch-processing-elementor.php(66): Elementor\TemplateLibrary\Astra_Sites_Batch_Processing_Elementor->import_single_post()
#2 D:\Programms\OSPanel\domains\wordpress\wp-content\plugins\astra-sites\inc\importers\batch-processing\helpers\class-wp-background-process-astra.php(41): Elementor\TemplateLibrary\Astra_Sites_Batch_Processing_Elementor->import()
#3 D:\Programms\OSPanel\domains\wordpress\wp-content\plugins\woocommerce\includes\libraries\wp-background-process.php(301): WP_Background_Process_Astra->task()
#4 D:\Programms\OSPanel\domains\wordpress\wp-content\plugins\woocommerce\includes\libraries\wp-background-process.php(447): WP_Background_Process->handle()
#5 D:\Programms\OSPanel\domains\wordpress\wp-includes\class-wp-hook.php(310): WP_Background_Process->handle_cron_healthcheck()
#6 D:\Programms\OSPanel\domains\wordpress\wp-includes\class-wp-hook.php(334): WP_Hook->apply_filters()
#7 D:\Programms\OSPanel\domains\wordpress\wp-includes\plugin.php(565): WP_Hook->do_action()
#8 D:\Programms\OSPanel\domains\wordpress\wp-cron.php(191): do_action_ref_array()
#9 {main}
  thrown in D:\Programms\OSPanel\domains\wordpress\wp-content\plugins\elementor\core\base\document.php on line 962

2023-08-13T11:48:12+00:00 CRITICAL Uncaught Exception: Invalid data: {"data":["Array","Array","Array","Array"],"element":"Array"} in D:\Programms\OSPanel\domains\wordpress\wp-content\plugins\elementor\core\base\document.php:962
Stack trace:
#0 D:\Programms\OSPanel\domains\wordpress\wp-content\plugins\astra-sites\inc\importers\batch-processing\class-astra-sites-batch-processing-elementor.php(122): Elementor\Core\Base\Document->get_elements_raw_data()
#1 D:\Programms\OSPanel\domains\wordpress\wp-content\plugins\astra-sites\inc\importers\batch-processing\class-astra-sites-batch-processing-elementor.php(66): Elementor\TemplateLibrary\Astra_Sites_Batch_Processing_Elementor->import_single_post()
#2 D:\Programms\OSPanel\domains\wordpress\wp-content\plugins\astra-sites\inc\importers\batch-processing\helpers\class-wp-background-process-astra.php(41): Elementor\TemplateLibrary\Astra_Sites_Batch_Processing_Elementor->import()
#3 D:\Programms\OSPanel\domains\wordpress\wp-content\plugins\woocommerce\includes\libraries\wp-background-process.php(301): WP_Background_Process_Astra->task()
#4 D:\Programms\OSPanel\domains\wordpress\wp-content\plugins\woocommerce\includes\libraries\wp-background-process.php(447): WP_Background_Process->handle()
#5 D:\Programms\OSPanel\domains\wordpress\wp-includes\class-wp-hook.php(310): WP_Background_Process->handle_cron_healthcheck()
#6 D:\Programms\OSPanel\domains\wordpress\wp-includes\class-wp-hook.php(334): WP_Hook->apply_filters()
#7 D:\Programms\OSPanel\domains\wordpress\wp-includes\plugin.php(565): WP_Hook->do_action()
#8 D:\Programms\OSPanel\domains\wordpress\wp-cron.php(191): do_action_ref_array()
#9 {main}
  thrown in D:\Programms\OSPanel\domains\wordpress\wp-content\plugins\elementor\core\base\document.php on line 962

2023-08-13T11:54:15+00:00 CRITICAL Uncaught Exception: Invalid data: {"data":["Array","Array","Array","Array"],"element":"Array"} in D:\Programms\OSPanel\domains\wordpress\wp-content\plugins\elementor\core\base\document.php:962
Stack trace:
#0 D:\Programms\OSPanel\domains\wordpress\wp-content\plugins\astra-sites\inc\importers\batch-processing\class-astra-sites-batch-processing-elementor.php(122): Elementor\Core\Base\Document->get_elements_raw_data()
#1 D:\Programms\OSPanel\domains\wordpress\wp-content\plugins\astra-sites\inc\importers\batch-processing\class-astra-sites-batch-processing-elementor.php(66): Elementor\TemplateLibrary\Astra_Sites_Batch_Processing_Elementor->import_single_post()
#2 D:\Programms\OSPanel\domains\wordpress\wp-content\plugins\astra-sites\inc\importers\batch-processing\helpers\class-wp-background-process-astra.php(41): Elementor\TemplateLibrary\Astra_Sites_Batch_Processing_Elementor->import()
#3 D:\Programms\OSPanel\domains\wordpress\wp-content\plugins\woocommerce\includes\libraries\wp-background-process.php(301): WP_Background_Process_Astra->task()
#4 D:\Programms\OSPanel\domains\wordpress\wp-content\plugins\woocommerce\includes\libraries\wp-background-process.php(447): WP_Background_Process->handle()
#5 D:\Programms\OSPanel\domains\wordpress\wp-includes\class-wp-hook.php(310): WP_Background_Process->handle_cron_healthcheck()
#6 D:\Programms\OSPanel\domains\wordpress\wp-includes\class-wp-hook.php(334): WP_Hook->apply_filters()
#7 D:\Programms\OSPanel\domains\wordpress\wp-includes\plugin.php(565): WP_Hook->do_action()
#8 D:\Programms\OSPanel\domains\wordpress\wp-cron.php(191): do_action_ref_array()
#9 {main}
  thrown in D:\Programms\OSPanel\domains\wordpress\wp-content\plugins\elementor\core\base\document.php on line 962

2023-08-13T11:58:17+00:00 CRITICAL Uncaught Exception: Invalid data: {"data":["Array","Array","Array","Array"],"element":"Array"} in D:\Programms\OSPanel\domains\wordpress\wp-content\plugins\elementor\core\base\document.php:962
Stack trace:
#0 D:\Programms\OSPanel\domains\wordpress\wp-content\plugins\astra-sites\inc\importers\batch-processing\class-astra-sites-batch-processing-elementor.php(122): Elementor\Core\Base\Document->get_elements_raw_data()
#1 D:\Programms\OSPanel\domains\wordpress\wp-content\plugins\astra-sites\inc\importers\batch-processing\class-astra-sites-batch-processing-elementor.php(66): Elementor\TemplateLibrary\Astra_Sites_Batch_Processing_Elementor->import_single_post()
#2 D:\Programms\OSPanel\domains\wordpress\wp-content\plugins\astra-sites\inc\importers\batch-processing\helpers\class-wp-background-process-astra.php(41): Elementor\TemplateLibrary\Astra_Sites_Batch_Processing_Elementor->import()
#3 D:\Programms\OSPanel\domains\wordpress\wp-content\plugins\woocommerce\includes\libraries\wp-background-process.php(301): WP_Background_Process_Astra->task()
#4 D:\Programms\OSPanel\domains\wordpress\wp-content\plugins\woocommerce\includes\libraries\wp-background-process.php(447): WP_Background_Process->handle()
#5 D:\Programms\OSPanel\domains\wordpress\wp-includes\class-wp-hook.php(310): WP_Background_Process->handle_cron_healthcheck()
#6 D:\Programms\OSPanel\domains\wordpress\wp-includes\class-wp-hook.php(334): WP_Hook->apply_filters()
#7 D:\Programms\OSPanel\domains\wordpress\wp-includes\plugin.php(565): WP_Hook->do_action()
#8 D:\Programms\OSPanel\domains\wordpress\wp-cron.php(191): do_action_ref_array()
#9 {main}
  thrown in D:\Programms\OSPanel\domains\wordpress\wp-content\plugins\elementor\core\base\document.php on line 962

2023-08-13T12:04:20+00:00 CRITICAL Uncaught Exception: Invalid data: {"data":["Array","Array","Array","Array"],"element":"Array"} in D:\Programms\OSPanel\domains\wordpress\wp-content\plugins\elementor\core\base\document.php:962
Stack trace:
#0 D:\Programms\OSPanel\domains\wordpress\wp-content\plugins\astra-sites\inc\importers\batch-processing\class-astra-sites-batch-processing-elementor.php(122): Elementor\Core\Base\Document->get_elements_raw_data()
#1 D:\Programms\OSPanel\domains\wordpress\wp-content\plugins\astra-sites\inc\importers\batch-processing\class-astra-sites-batch-processing-elementor.php(66): Elementor\TemplateLibrary\Astra_Sites_Batch_Processing_Elementor->import_single_post()
#2 D:\Programms\OSPanel\domains\wordpress\wp-content\plugins\astra-sites\inc\importers\batch-processing\helpers\class-wp-background-process-astra.php(41): Elementor\TemplateLibrary\Astra_Sites_Batch_Processing_Elementor->import()
#3 D:\Programms\OSPanel\domains\wordpress\wp-content\plugins\woocommerce\includes\libraries\wp-background-process.php(301): WP_Background_Process_Astra->task()
#4 D:\Programms\OSPanel\domains\wordpress\wp-content\plugins\woocommerce\includes\libraries\wp-background-process.php(447): WP_Background_Process->handle()
#5 D:\Programms\OSPanel\domains\wordpress\wp-includes\class-wp-hook.php(310): WP_Background_Process->handle_cron_healthcheck()
#6 D:\Programms\OSPanel\domains\wordpress\wp-includes\class-wp-hook.php(334): WP_Hook->apply_filters()
#7 D:\Programms\OSPanel\domains\wordpress\wp-includes\plugin.php(565): WP_Hook->do_action()
#8 D:\Programms\OSPanel\domains\wordpress\wp-cron.php(191): do_action_ref_array()
#9 {main}
  thrown in D:\Programms\OSPanel\domains\wordpress\wp-content\plugins\elementor\core\base\document.php on line 962

2023-08-13T12:08:22+00:00 CRITICAL Uncaught Exception: Invalid data: {"data":["Array","Array","Array","Array"],"element":"Array"} in D:\Programms\OSPanel\domains\wordpress\wp-content\plugins\elementor\core\base\document.php:962
Stack trace:
#0 D:\Programms\OSPanel\domains\wordpress\wp-content\plugins\astra-sites\inc\importers\batch-processing\class-astra-sites-batch-processing-elementor.php(122): Elementor\Core\Base\Document->get_elements_raw_data()
#1 D:\Programms\OSPanel\domains\wordpress\wp-content\plugins\astra-sites\inc\importers\batch-processing\class-astra-sites-batch-processing-elementor.php(66): Elementor\TemplateLibrary\Astra_Sites_Batch_Processing_Elementor->import_single_post()
#2 D:\Programms\OSPanel\domains\wordpress\wp-content\plugins\astra-sites\inc\importers\batch-processing\helpers\class-wp-background-process-astra.php(41): Elementor\TemplateLibrary\Astra_Sites_Batch_Processing_Elementor->import()
#3 D:\Programms\OSPanel\domains\wordpress\wp-content\plugins\woocommerce\includes\libraries\wp-background-process.php(301): WP_Background_Process_Astra->task()
#4 D:\Programms\OSPanel\domains\wordpress\wp-content\plugins\woocommerce\includes\libraries\wp-background-process.php(447): WP_Background_Process->handle()
#5 D:\Programms\OSPanel\domains\wordpress\wp-includes\class-wp-hook.php(310): WP_Background_Process->handle_cron_healthcheck()
#6 D:\Programms\OSPanel\domains\wordpress\wp-includes\class-wp-hook.php(334): WP_Hook->apply_filters()
#7 D:\Programms\OSPanel\domains\wordpress\wp-includes\plugin.php(565): WP_Hook->do_action()
#8 D:\Programms\OSPanel\domains\wordpress\wp-cron.php(191): do_action_ref_array()
#9 {main}
  thrown in D:\Programms\OSPanel\domains\wordpress\wp-content\plugins\elementor\core\base\document.php on line 962

2023-08-13T12:14:25+00:00 CRITICAL Uncaught Exception: Invalid data: {"data":["Array","Array","Array","Array"],"element":"Array"} in D:\Programms\OSPanel\domains\wordpress\wp-content\plugins\elementor\core\base\document.php:962
Stack trace:
#0 D:\Programms\OSPanel\domains\wordpress\wp-content\plugins\astra-sites\inc\importers\batch-processing\class-astra-sites-batch-processing-elementor.php(122): Elementor\Core\Base\Document->get_elements_raw_data()
#1 D:\Programms\OSPanel\domains\wordpress\wp-content\plugins\astra-sites\inc\importers\batch-processing\class-astra-sites-batch-processing-elementor.php(66): Elementor\TemplateLibrary\Astra_Sites_Batch_Processing_Elementor->import_single_post()
#2 D:\Programms\OSPanel\domains\wordpress\wp-content\plugins\astra-sites\inc\importers\batch-processing\helpers\class-wp-background-process-astra.php(41): Elementor\TemplateLibrary\Astra_Sites_Batch_Processing_Elementor->import()
#3 D:\Programms\OSPanel\domains\wordpress\wp-content\plugins\woocommerce\includes\libraries\wp-background-process.php(301): WP_Background_Process_Astra->task()
#4 D:\Programms\OSPanel\domains\wordpress\wp-content\plugins\woocommerce\includes\libraries\wp-background-process.php(447): WP_Background_Process->handle()
#5 D:\Programms\OSPanel\domains\wordpress\wp-includes\class-wp-hook.php(310): WP_Background_Process->handle_cron_healthcheck()
#6 D:\Programms\OSPanel\domains\wordpress\wp-includes\class-wp-hook.php(334): WP_Hook->apply_filters()
#7 D:\Programms\OSPanel\domains\wordpress\wp-includes\plugin.php(565): WP_Hook->do_action()
#8 D:\Programms\OSPanel\domains\wordpress\wp-cron.php(191): do_action_ref_array()
#9 {main}
  thrown in D:\Programms\OSPanel\domains\wordpress\wp-content\plugins\elementor\core\base\document.php on line 962

